[2025-01-27T17:20:41.171Z] [INFO] 开始监控彩票合约: 0xC4fC257200E1aD907Be19fBFE82211c25Da8Ee2D
[2025-01-27T17:20:41.172Z] [INFO] 代币合约: 0x38178ecF255036772c0f1E01fa02F09129e6FB76
[2025-01-27T17:20:41.172Z] [INFO] 
初始状态:
[2025-01-27T17:20:41.179Z] [ERROR] 监控脚本错误: call revert exception [ See: https://links.ethers.org/v5-errors-CALL_EXCEPTION ] (method="isDrawn()", data="0x", errorArgs=null, errorName=null, errorSignature=null, reason=null, code=CALL_EXCEPTION, version=abi/5.7.0)
[2025-01-27T17:23:02.579Z] [INFO] 开始监控彩票合约: 0xC4fC257200E1aD907Be19fBFE82211c25Da8Ee2D
[2025-01-27T17:23:02.579Z] [INFO] 代币合约: 0x38178ecF255036772c0f1E01fa02F09129e6FB76
[2025-01-27T17:23:02.579Z] [INFO] 
初始状态:
[2025-01-27T17:23:08.957Z] [STATUS] 当前彩票状态:
总票数: 21
彩票列表:
1. 号码: 5
   购买者: 0x21776Ddb794886180132114a527555995f87E10a
   购买时间: 2025/1/27 23:09:22
2. 号码: 27
   购买者: 0x1d469AAE5ee8714cf679b6f098DDb8468d13897D
   购买时间: 2025/1/27 23:13:28
3. 号码: 20
   购买者: 0x1E23b8c8b495e47911E4d17bB2776F3Bd39a258D
   购买时间: 2025/1/27 23:13:38
4. 号码: 99
   购买者: 0xeb1D1F78b08c7624173dBE04b03318a5cBFa2566
   购买时间: 2025/1/27 23:13:48
5. 号码: 56
   购买者: 0xf3C7EdebcE6237a02Ca2530b2Dcca02Dd8874100
   购买时间: 2025/1/27 23:13:56
6. 号码: 15
   购买者: 0x3b81eC3866e36a361B0CF728e1Ea563AcADbF3f3
   购买时间: 2025/1/27 23:14:06
7. 号码: 59
   购买者: 0x47Dcb4599ffFa7663564e9d6894d64392c85B90F
   购买时间: 2025/1/27 23:14:14
8. 号码: 83
   购买者: 0x86f8Ce910c26071EE27CBe6Bb58eF06EAeAdAb2d
   购买时间: 2025/1/27 23:14:26
9. 号码: 47
   购买者: 0x072fD1D213b1C803FFc4eC798bd4E6f6C4F5699d
   购买时间: 2025/1/27 23:14:36
10. 号码: 51
   购买者: 0x87fa1Af1994bB8dD16DAE7E71D8F0b0083683981
   购买时间: 2025/1/27 23:14:48
11. 号码: 66
   购买者: 0xD2B8F860859eFC59c6d3b0E35823d38D916d0bC4
   购买时间: 2025/1/27 23:14:58
12. 号码: 90
   购买者: 0xAC15f7DFF4b910095165c9d8E0A79A577875bc97
   购买时间: 2025/1/28 00:56:18
13. 号码: 44
   购买者: 0x1b8eF1432A71efc1EF533bf773284DE1E10f03E4
   购买时间: 2025/1/28 00:56:30
14. 号码: 35
   购买者: 0x795a09ac9c3CC4477D30E0E9eFc1A04394e6B661
   购买时间: 2025/1/28 00:56:38
15. 号码: 66
   购买者: 0x4509Cf25b18FC7999647ba13B01dC43585481Efe
   购买时间: 2025/1/28 00:56:48
16. 号码: 38
   购买者: 0xa56B158f1048999bb838A6408c3dfD6565b01b84
   购买时间: 2025/1/28 00:56:58
17. 号码: 91
   购买者: 0x36d6844d9FA9eBB8D230bA3203d01C9d31bD038a
   购买时间: 2025/1/28 00:57:12
18. 号码: 49
   购买者: 0xEf00A074f7f4f3Fc2D73e02a9a60F790a04Bdee2
   购买时间: 2025/1/28 00:57:22
19. 号码: 16
   购买者: 0xcd07F1bE9462E98706D2D746aA28604DD449E1B2
   购买时间: 2025/1/28 00:57:34
20. 号码: 45
   购买者: 0xa16495A62e937e64c14FB7330764343bb6bE87c5
   购买时间: 2025/1/28 00:57:46
21. 号码: 26
   购买者: 0x8788a663d159B3BA3AdA2EF4306337421a2D16fF
   购买时间: 2025/1/28 00:57:58
开奖状态: 未开奖
[2025-01-27T17:23:08.958Z] [INFO] 
🔍 监控已启动，等待新交易...
[2025-01-27T17:23:08.959Z] [STARTUP] 监控脚本启动成功
[2025-01-27T17:44:07.611Z] [INFO] 开始监控彩票合约: 0xC4fC257200E1aD907Be19fBFE82211c25Da8Ee2D
[2025-01-27T17:44:07.612Z] [INFO] 代币合约: 0x38178ecF255036772c0f1E01fa02F09129e6FB76
[2025-01-27T17:44:07.612Z] [INFO] 
初始状态:
[2025-01-27T17:44:15.821Z] [STATUS] 当前彩票状态:
总票数: 31
彩票列表:
1. 号码: 5
   购买者: 0x21776Ddb794886180132114a527555995f87E10a
   购买时间: 2025/1/27 23:09:22
2. 号码: 27
   购买者: 0x1d469AAE5ee8714cf679b6f098DDb8468d13897D
   购买时间: 2025/1/27 23:13:28
3. 号码: 20
   购买者: 0x1E23b8c8b495e47911E4d17bB2776F3Bd39a258D
   购买时间: 2025/1/27 23:13:38
4. 号码: 99
   购买者: 0xeb1D1F78b08c7624173dBE04b03318a5cBFa2566
   购买时间: 2025/1/27 23:13:48
5. 号码: 56
   购买者: 0xf3C7EdebcE6237a02Ca2530b2Dcca02Dd8874100
   购买时间: 2025/1/27 23:13:56
6. 号码: 15
   购买者: 0x3b81eC3866e36a361B0CF728e1Ea563AcADbF3f3
   购买时间: 2025/1/27 23:14:06
7. 号码: 59
   购买者: 0x47Dcb4599ffFa7663564e9d6894d64392c85B90F
   购买时间: 2025/1/27 23:14:14
8. 号码: 83
   购买者: 0x86f8Ce910c26071EE27CBe6Bb58eF06EAeAdAb2d
   购买时间: 2025/1/27 23:14:26
9. 号码: 47
   购买者: 0x072fD1D213b1C803FFc4eC798bd4E6f6C4F5699d
   购买时间: 2025/1/27 23:14:36
10. 号码: 51
   购买者: 0x87fa1Af1994bB8dD16DAE7E71D8F0b0083683981
   购买时间: 2025/1/27 23:14:48
11. 号码: 66
   购买者: 0xD2B8F860859eFC59c6d3b0E35823d38D916d0bC4
   购买时间: 2025/1/27 23:14:58
12. 号码: 90
   购买者: 0xAC15f7DFF4b910095165c9d8E0A79A577875bc97
   购买时间: 2025/1/28 00:56:18
13. 号码: 44
   购买者: 0x1b8eF1432A71efc1EF533bf773284DE1E10f03E4
   购买时间: 2025/1/28 00:56:30
14. 号码: 35
   购买者: 0x795a09ac9c3CC4477D30E0E9eFc1A04394e6B661
   购买时间: 2025/1/28 00:56:38
15. 号码: 66
   购买者: 0x4509Cf25b18FC7999647ba13B01dC43585481Efe
   购买时间: 2025/1/28 00:56:48
16. 号码: 38
   购买者: 0xa56B158f1048999bb838A6408c3dfD6565b01b84
   购买时间: 2025/1/28 00:56:58
17. 号码: 91
   购买者: 0x36d6844d9FA9eBB8D230bA3203d01C9d31bD038a
   购买时间: 2025/1/28 00:57:12
18. 号码: 49
   购买者: 0xEf00A074f7f4f3Fc2D73e02a9a60F790a04Bdee2
   购买时间: 2025/1/28 00:57:22
19. 号码: 16
   购买者: 0xcd07F1bE9462E98706D2D746aA28604DD449E1B2
   购买时间: 2025/1/28 00:57:34
20. 号码: 45
   购买者: 0xa16495A62e937e64c14FB7330764343bb6bE87c5
   购买时间: 2025/1/28 00:57:46
21. 号码: 26
   购买者: 0x8788a663d159B3BA3AdA2EF4306337421a2D16fF
   购买时间: 2025/1/28 00:57:58
22. 号码: 91
   购买者: 0x0923aaf1837c829F934C3952c8dCAA403813b1C2
   购买时间: 2025/1/28 01:39:48
23. 号码: 64
   购买者: 0x3B146D3e7C021542e8937a3cf6dEA163C9ae613C
   购买时间: 2025/1/28 01:39:58
24. 号码: 0
   购买者: 0xA2B517aec6eB9AFF8B96172B4DaB6f6080B884bf
   购买时间: 2025/1/28 01:40:08
25. 号码: 68
   购买者: 0xa4046feF52E32F8B1342bDB2a70531552c3BFF4a
   购买时间: 2025/1/28 01:40:16
26. 号码: 31
   购买者: 0x8C6406EC54e702730E32e74842F8EBbb933460c8
   购买时间: 2025/1/28 01:40:26
27. 号码: 19
   购买者: 0xb2aC364a6aBbdc096bE353ad259E4E51a234b408
   购买时间: 2025/1/28 01:40:36
28. 号码: 65
   购买者: 0xD99e49C9D2f5025e5D5209BE95a13a41Ce6eF166
   购买时间: 2025/1/28 01:40:48
29. 号码: 14
   购买者: 0x1Ad0a4F42F37e0D6Aa158F4f99D7d16C53A7c422
   购买时间: 2025/1/28 01:40:58
30. 号码: 6
   购买者: 0xA0d2a8e23e7fB1601fA98322DAA2048A2e037A27
   购买时间: 2025/1/28 01:41:06
31. 号码: 80
   购买者: 0x21B6A54496D9F74cc3cefE135c678784789346B3
   购买时间: 2025/1/28 01:41:16
开奖状态: 未开奖
[2025-01-27T17:44:15.821Z] [INFO] 
🔍 监控已启动，等待新交易...
[2025-01-27T17:44:15.822Z] [STARTUP] 监控脚本启动成功
[2025-01-27T19:21:17.982Z] [ERROR] 监控脚本错误: 请在.env文件中设置LOTTERY_ADDRESS和TOKEN_ADDRESS
[2025-01-27T19:22:02.850Z] [ERROR] 监控脚本错误: 请在.env文件中设置LOTTERY_ADDRESS和TOKEN_ADDRESS
[2025-01-27T19:25:55.888Z] [INFO] 
========== 合约信息 ==========
[2025-01-27T19:25:55.889Z] [INFO] 代币合约: 0x5eb1e04D71D5ACD30e946029339E7CE554024Cf4
[2025-01-27T19:25:55.889Z] [INFO] 彩票合约: 0x976E50489b0E11EA619188c221325E36438fB4e5
[2025-01-27T19:25:57.491Z] [INFO] 开始监控彩票合约: 0x976E50489b0E11EA619188c221325E36438fB4e5
[2025-01-27T19:25:57.491Z] [INFO] 代币合约: 0x5eb1e04D71D5ACD30e946029339E7CE554024Cf4
[2025-01-27T19:25:57.491Z] [INFO] 
初始状态:
[2025-01-27T19:25:58.737Z] [STATUS] 当前彩票状态:
总票数: 2
彩票列表:
1. 号码: 5
   购买者: 0xb557cA258f4a20C3918F89e9a040c38Ba7F2e5c7
   购买时间: 2025/1/28 03:08:30
2. 号码: 45
   购买者: 0x3785eEa65F0a15cC1E5398B729f580b16Ccc4309
   购买时间: 2025/1/28 03:17:30
开奖状态: 未开奖
[2025-01-27T19:25:58.738Z] [INFO] 
🔍 监控已启动，等待新交易...
[2025-01-27T19:25:58.739Z] [STARTUP] 监控脚本启动成功
[2025-01-27T19:45:27.606Z] [TICKET] 
🎫 新彩票购买:
时间: 2025/1/28 03:45:24
购买者: 0x80A2890757757F2B11cbA7758dCf0A4895E6ce17
彩票号码: 1
交易哈希: 0xf5a74899691c968184b9709b230727a2cc9462ff644bf1d50b8eee2e1ee9920d
[2025-01-27T19:45:27.609Z] [TICKET] 
🎫 新彩票购买:
时间: 2025/1/28 03:45:26
购买者: 0x653A333ea097039A04A26d762C6898E505e2e2b2
彩票号码: 2
交易哈希: 0x2e296bcb66f32fd4ba3a809127323ded282c864c42f32c9af5b1e960d76012e2
[2025-01-27T19:45:27.610Z] [TICKET] 
🎫 新彩票购买:
时间: 2025/1/28 03:45:26
购买者: 0x2287259AeAD936813D2268e6Ad76e1758e22bd3e
彩票号码: 3
交易哈希: 0x73bfdd0af43dea90341d8e123d1537219e8081773afd1bd889d413ef369b7d7e
[2025-01-27T19:45:27.829Z] [TICKET] 
🎫 新彩票购买:
时间: 2025/1/28 03:45:26
购买者: 0x6e9Cc86C8fc994135e4c423C87002a2a8Ac94dAf
彩票号码: 5
交易哈希: 0xeda94c1b6b56946208c4ca7ed3bd7d694e3d4be8791ab08d49adcdf095022cfd
[2025-01-27T19:45:27.831Z] [TICKET] 
🎫 新彩票购买:
时间: 2025/1/28 03:45:26
购买者: 0xDB9Ca9E7b648F474951173Ec1F72239b004dfEC5
彩票号码: 4
交易哈希: 0xc513335303b79ab05263a7fcebfbcc0ba23f13cb3675318320b03f3670eded9a
[2025-01-27T19:45:28.049Z] [SUCCESS] 
交易详情 - 彩票购买:
交易哈希: 0xf5a74899691c968184b9709b230727a2cc9462ff644bf1d50b8eee2e1ee9920d
发送方: 0x80A2890757757F2B11cbA7758dCf0A4895E6ce17
接收方: 0x5eb1e04D71D5ACD30e946029339E7CE554024Cf4
状态: 成功
Gas使用: 118590
区块号: 7153161
[2025-01-27T19:45:28.052Z] [SUCCESS] 
交易详情 - 彩票购买:
交易哈希: 0x2e296bcb66f32fd4ba3a809127323ded282c864c42f32c9af5b1e960d76012e2
发送方: 0x653A333ea097039A04A26d762C6898E505e2e2b2
接收方: 0x5eb1e04D71D5ACD30e946029339E7CE554024Cf4
状态: 成功
Gas使用: 118590
区块号: 7153162
[2025-01-27T19:45:28.053Z] [SUCCESS] 
交易详情 - 彩票购买:
交易哈希: 0x73bfdd0af43dea90341d8e123d1537219e8081773afd1bd889d413ef369b7d7e
发送方: 0x2287259AeAD936813D2268e6Ad76e1758e22bd3e
接收方: 0x5eb1e04D71D5ACD30e946029339E7CE554024Cf4
状态: 成功
Gas使用: 118590
区块号: 7153162
[2025-01-27T19:45:28.276Z] [SUCCESS] 
交易详情 - 彩票购买:
交易哈希: 0xeda94c1b6b56946208c4ca7ed3bd7d694e3d4be8791ab08d49adcdf095022cfd
发送方: 0x6e9Cc86C8fc994135e4c423C87002a2a8Ac94dAf
接收方: 0x5eb1e04D71D5ACD30e946029339E7CE554024Cf4
状态: 成功
Gas使用: 118590
区块号: 7153162
[2025-01-27T19:45:28.278Z] [SUCCESS] 
交易详情 - 彩票购买:
交易哈希: 0xc513335303b79ab05263a7fcebfbcc0ba23f13cb3675318320b03f3670eded9a
发送方: 0xDB9Ca9E7b648F474951173Ec1F72239b004dfEC5
接收方: 0x5eb1e04D71D5ACD30e946029339E7CE554024Cf4
状态: 成功
Gas使用: 118590
区块号: 7153162
[2025-01-27T19:45:30.263Z] [STATUS] 当前彩票状态:
总票数: 8
彩票列表:
1. 号码: 5
   购买者: 0xb557cA258f4a20C3918F89e9a040c38Ba7F2e5c7
   购买时间: 2025/1/28 03:08:30
2. 号码: 45
   购买者: 0x3785eEa65F0a15cC1E5398B729f580b16Ccc4309
   购买时间: 2025/1/28 03:17:30
3. 号码: 1
   购买者: 0x80A2890757757F2B11cbA7758dCf0A4895E6ce17
   购买时间: 2025/1/28 03:45:24
4. 号码: 2
   购买者: 0x653A333ea097039A04A26d762C6898E505e2e2b2
   购买时间: 2025/1/28 03:45:26
5. 号码: 3
   购买者: 0x2287259AeAD936813D2268e6Ad76e1758e22bd3e
   购买时间: 2025/1/28 03:45:26
6. 号码: 4
   购买者: 0xDB9Ca9E7b648F474951173Ec1F72239b004dfEC5
   购买时间: 2025/1/28 03:45:26
7. 号码: 5
   购买者: 0x6e9Cc86C8fc994135e4c423C87002a2a8Ac94dAf
   购买时间: 2025/1/28 03:45:26
8. 号码: 6
   购买者: 0x069F920D216989e71daF6E8D5C07beDaF16CB701
   购买时间: 2025/1/28 03:45:28
开奖状态: 未开奖
[2025-01-27T19:45:30.264Z] [STATUS] 当前彩票状态:
总票数: 8
彩票列表:
1. 号码: 5
   购买者: 0xb557cA258f4a20C3918F89e9a040c38Ba7F2e5c7
   购买时间: 2025/1/28 03:08:30
2. 号码: 45
   购买者: 0x3785eEa65F0a15cC1E5398B729f580b16Ccc4309
   购买时间: 2025/1/28 03:17:30
3. 号码: 1
   购买者: 0x80A2890757757F2B11cbA7758dCf0A4895E6ce17
   购买时间: 2025/1/28 03:45:24
4. 号码: 2
   购买者: 0x653A333ea097039A04A26d762C6898E505e2e2b2
   购买时间: 2025/1/28 03:45:26
5. 号码: 3
   购买者: 0x2287259AeAD936813D2268e6Ad76e1758e22bd3e
   购买时间: 2025/1/28 03:45:26
6. 号码: 4
   购买者: 0xDB9Ca9E7b648F474951173Ec1F72239b004dfEC5
   购买时间: 2025/1/28 03:45:26
7. 号码: 5
   购买者: 0x6e9Cc86C8fc994135e4c423C87002a2a8Ac94dAf
   购买时间: 2025/1/28 03:45:26
8. 号码: 6
   购买者: 0x069F920D216989e71daF6E8D5C07beDaF16CB701
   购买时间: 2025/1/28 03:45:28
开奖状态: 未开奖
[2025-01-27T19:45:30.264Z] [STATUS] 当前彩票状态:
总票数: 8
彩票列表:
1. 号码: 5
   购买者: 0xb557cA258f4a20C3918F89e9a040c38Ba7F2e5c7
   购买时间: 2025/1/28 03:08:30
2. 号码: 45
   购买者: 0x3785eEa65F0a15cC1E5398B729f580b16Ccc4309
   购买时间: 2025/1/28 03:17:30
3. 号码: 1
   购买者: 0x80A2890757757F2B11cbA7758dCf0A4895E6ce17
   购买时间: 2025/1/28 03:45:24
4. 号码: 2
   购买者: 0x653A333ea097039A04A26d762C6898E505e2e2b2
   购买时间: 2025/1/28 03:45:26
5. 号码: 3
   购买者: 0x2287259AeAD936813D2268e6Ad76e1758e22bd3e
   购买时间: 2025/1/28 03:45:26
6. 号码: 4
   购买者: 0xDB9Ca9E7b648F474951173Ec1F72239b004dfEC5
   购买时间: 2025/1/28 03:45:26
7. 号码: 5
   购买者: 0x6e9Cc86C8fc994135e4c423C87002a2a8Ac94dAf
   购买时间: 2025/1/28 03:45:26
8. 号码: 6
   购买者: 0x069F920D216989e71daF6E8D5C07beDaF16CB701
   购买时间: 2025/1/28 03:45:28
开奖状态: 未开奖
[2025-01-27T19:45:30.487Z] [STATUS] 当前彩票状态:
总票数: 8
彩票列表:
1. 号码: 5
   购买者: 0xb557cA258f4a20C3918F89e9a040c38Ba7F2e5c7
   购买时间: 2025/1/28 03:08:30
2. 号码: 45
   购买者: 0x3785eEa65F0a15cC1E5398B729f580b16Ccc4309
   购买时间: 2025/1/28 03:17:30
3. 号码: 1
   购买者: 0x80A2890757757F2B11cbA7758dCf0A4895E6ce17
   购买时间: 2025/1/28 03:45:24
4. 号码: 2
   购买者: 0x653A333ea097039A04A26d762C6898E505e2e2b2
   购买时间: 2025/1/28 03:45:26
5. 号码: 3
   购买者: 0x2287259AeAD936813D2268e6Ad76e1758e22bd3e
   购买时间: 2025/1/28 03:45:26
6. 号码: 4
   购买者: 0xDB9Ca9E7b648F474951173Ec1F72239b004dfEC5
   购买时间: 2025/1/28 03:45:26
7. 号码: 5
   购买者: 0x6e9Cc86C8fc994135e4c423C87002a2a8Ac94dAf
   购买时间: 2025/1/28 03:45:26
8. 号码: 6
   购买者: 0x069F920D216989e71daF6E8D5C07beDaF16CB701
   购买时间: 2025/1/28 03:45:28
开奖状态: 未开奖
[2025-01-27T19:45:30.487Z] [STATUS] 当前彩票状态:
总票数: 8
彩票列表:
1. 号码: 5
   购买者: 0xb557cA258f4a20C3918F89e9a040c38Ba7F2e5c7
   购买时间: 2025/1/28 03:08:30
2. 号码: 45
   购买者: 0x3785eEa65F0a15cC1E5398B729f580b16Ccc4309
   购买时间: 2025/1/28 03:17:30
3. 号码: 1
   购买者: 0x80A2890757757F2B11cbA7758dCf0A4895E6ce17
   购买时间: 2025/1/28 03:45:24
4. 号码: 2
   购买者: 0x653A333ea097039A04A26d762C6898E505e2e2b2
   购买时间: 2025/1/28 03:45:26
5. 号码: 3
   购买者: 0x2287259AeAD936813D2268e6Ad76e1758e22bd3e
   购买时间: 2025/1/28 03:45:26
6. 号码: 4
   购买者: 0xDB9Ca9E7b648F474951173Ec1F72239b004dfEC5
   购买时间: 2025/1/28 03:45:26
7. 号码: 5
   购买者: 0x6e9Cc86C8fc994135e4c423C87002a2a8Ac94dAf
   购买时间: 2025/1/28 03:45:26
8. 号码: 6
   购买者: 0x069F920D216989e71daF6E8D5C07beDaF16CB701
   购买时间: 2025/1/28 03:45:28
开奖状态: 未开奖
[2025-01-27T19:45:31.593Z] [TICKET] 
🎫 新彩票购买:
时间: 2025/1/28 03:45:28
购买者: 0x069F920D216989e71daF6E8D5C07beDaF16CB701
彩票号码: 6
交易哈希: 0xcceff12b2c8de812731495883c285a7d8c6eb79eec475e58e6322b2e9e41f7f7
[2025-01-27T19:45:31.596Z] [TICKET] 
🎫 新彩票购买:
时间: 2025/1/28 03:45:30
购买者: 0x0491f4D4FFD169F61052715e13782f3914abf369
彩票号码: 7
交易哈希: 0x8b406b7076a4de31278daddc770e7ad3d1de8ccb137af5f8e6c9a6a392f2ec5e
[2025-01-27T19:45:31.597Z] [TICKET] 
🎫 新彩票购买:
时间: 2025/1/28 03:45:30
购买者: 0x5a25B95bd636738cA6F77ab6ec2832F17D4b2248
彩票号码: 8
交易哈希: 0xc334a936387fdcc76bccc9b11c8524805fa84d89e48e16a79e04dc68156de6bf
[2025-01-27T19:45:32.043Z] [SUCCESS] 
交易详情 - 彩票购买:
交易哈希: 0xcceff12b2c8de812731495883c285a7d8c6eb79eec475e58e6322b2e9e41f7f7
发送方: 0x069F920D216989e71daF6E8D5C07beDaF16CB701
接收方: 0x5eb1e04D71D5ACD30e946029339E7CE554024Cf4
状态: 成功
Gas使用: 118590
区块号: 7153163
[2025-01-27T19:45:32.046Z] [SUCCESS] 
交易详情 - 彩票购买:
交易哈希: 0x8b406b7076a4de31278daddc770e7ad3d1de8ccb137af5f8e6c9a6a392f2ec5e
发送方: 0x0491f4D4FFD169F61052715e13782f3914abf369
接收方: 0x5eb1e04D71D5ACD30e946029339E7CE554024Cf4
状态: 成功
Gas使用: 118590
区块号: 7153164
[2025-01-27T19:45:32.048Z] [SUCCESS] 
交易详情 - 彩票购买:
交易哈希: 0xc334a936387fdcc76bccc9b11c8524805fa84d89e48e16a79e04dc68156de6bf
发送方: 0x5a25B95bd636738cA6F77ab6ec2832F17D4b2248
接收方: 0x5eb1e04D71D5ACD30e946029339E7CE554024Cf4
状态: 成功
Gas使用: 118590
区块号: 7153164
[2025-01-27T19:45:35.583Z] [STATUS] 当前彩票状态:
总票数: 14
彩票列表:
1. 号码: 5
   购买者: 0xb557cA258f4a20C3918F89e9a040c38Ba7F2e5c7
   购买时间: 2025/1/28 03:08:30
2. 号码: 45
   购买者: 0x3785eEa65F0a15cC1E5398B729f580b16Ccc4309
   购买时间: 2025/1/28 03:17:30
3. 号码: 1
   购买者: 0x80A2890757757F2B11cbA7758dCf0A4895E6ce17
   购买时间: 2025/1/28 03:45:24
4. 号码: 2
   购买者: 0x653A333ea097039A04A26d762C6898E505e2e2b2
   购买时间: 2025/1/28 03:45:26
5. 号码: 3
   购买者: 0x2287259AeAD936813D2268e6Ad76e1758e22bd3e
   购买时间: 2025/1/28 03:45:26
6. 号码: 4
   购买者: 0xDB9Ca9E7b648F474951173Ec1F72239b004dfEC5
   购买时间: 2025/1/28 03:45:26
7. 号码: 5
   购买者: 0x6e9Cc86C8fc994135e4c423C87002a2a8Ac94dAf
   购买时间: 2025/1/28 03:45:26
8. 号码: 6
   购买者: 0x069F920D216989e71daF6E8D5C07beDaF16CB701
   购买时间: 2025/1/28 03:45:28
9. 号码: 7
   购买者: 0x0491f4D4FFD169F61052715e13782f3914abf369
   购买时间: 2025/1/28 03:45:30
10. 号码: 8
   购买者: 0x5a25B95bd636738cA6F77ab6ec2832F17D4b2248
   购买时间: 2025/1/28 03:45:30
11. 号码: 9
   购买者: 0x30BbA918d674176028b43bf1EF053ab4118C295d
   购买时间: 2025/1/28 03:45:32
12. 号码: 11
   购买者: 0xB021fbE1E51A987DCeDb60fF3234f081D018e7FC
   购买时间: 2025/1/28 03:45:32
13. 号码: 10
   购买者: 0x09C2d83E706c23882ef9F4B74584148C46C7D591
   购买时间: 2025/1/28 03:45:34
14. 号码: 13
   购买者: 0xdaBbAa4614EC2bf0784f2e5528081Eb01246C4E2
   购买时间: 2025/1/28 03:45:34
开奖状态: 未开奖
[2025-01-27T19:45:35.586Z] [STATUS] 当前彩票状态:
总票数: 14
彩票列表:
1. 号码: 5
   购买者: 0xb557cA258f4a20C3918F89e9a040c38Ba7F2e5c7
   购买时间: 2025/1/28 03:08:30
2. 号码: 45
   购买者: 0x3785eEa65F0a15cC1E5398B729f580b16Ccc4309
   购买时间: 2025/1/28 03:17:30
3. 号码: 1
   购买者: 0x80A2890757757F2B11cbA7758dCf0A4895E6ce17
   购买时间: 2025/1/28 03:45:24
4. 号码: 2
   购买者: 0x653A333ea097039A04A26d762C6898E505e2e2b2
   购买时间: 2025/1/28 03:45:26
5. 号码: 3
   购买者: 0x2287259AeAD936813D2268e6Ad76e1758e22bd3e
   购买时间: 2025/1/28 03:45:26
6. 号码: 4
   购买者: 0xDB9Ca9E7b648F474951173Ec1F72239b004dfEC5
   购买时间: 2025/1/28 03:45:26
7. 号码: 5
   购买者: 0x6e9Cc86C8fc994135e4c423C87002a2a8Ac94dAf
   购买时间: 2025/1/28 03:45:26
8. 号码: 6
   购买者: 0x069F920D216989e71daF6E8D5C07beDaF16CB701
   购买时间: 2025/1/28 03:45:28
9. 号码: 7
   购买者: 0x0491f4D4FFD169F61052715e13782f3914abf369
   购买时间: 2025/1/28 03:45:30
10. 号码: 8
   购买者: 0x5a25B95bd636738cA6F77ab6ec2832F17D4b2248
   购买时间: 2025/1/28 03:45:30
11. 号码: 9
   购买者: 0x30BbA918d674176028b43bf1EF053ab4118C295d
   购买时间: 2025/1/28 03:45:32
12. 号码: 11
   购买者: 0xB021fbE1E51A987DCeDb60fF3234f081D018e7FC
   购买时间: 2025/1/28 03:45:32
13. 号码: 10
   购买者: 0x09C2d83E706c23882ef9F4B74584148C46C7D591
   购买时间: 2025/1/28 03:45:34
14. 号码: 13
   购买者: 0xdaBbAa4614EC2bf0784f2e5528081Eb01246C4E2
   购买时间: 2025/1/28 03:45:34
开奖状态: 未开奖
[2025-01-27T19:45:35.589Z] [STATUS] 当前彩票状态:
总票数: 14
彩票列表:
1. 号码: 5
   购买者: 0xb557cA258f4a20C3918F89e9a040c38Ba7F2e5c7
   购买时间: 2025/1/28 03:08:30
2. 号码: 45
   购买者: 0x3785eEa65F0a15cC1E5398B729f580b16Ccc4309
   购买时间: 2025/1/28 03:17:30
3. 号码: 1
   购买者: 0x80A2890757757F2B11cbA7758dCf0A4895E6ce17
   购买时间: 2025/1/28 03:45:24
4. 号码: 2
   购买者: 0x653A333ea097039A04A26d762C6898E505e2e2b2
   购买时间: 2025/1/28 03:45:26
5. 号码: 3
   购买者: 0x2287259AeAD936813D2268e6Ad76e1758e22bd3e
   购买时间: 2025/1/28 03:45:26
6. 号码: 4
   购买者: 0xDB9Ca9E7b648F474951173Ec1F72239b004dfEC5
   购买时间: 2025/1/28 03:45:26
7. 号码: 5
   购买者: 0x6e9Cc86C8fc994135e4c423C87002a2a8Ac94dAf
   购买时间: 2025/1/28 03:45:26
8. 号码: 6
   购买者: 0x069F920D216989e71daF6E8D5C07beDaF16CB701
   购买时间: 2025/1/28 03:45:28
9. 号码: 7
   购买者: 0x0491f4D4FFD169F61052715e13782f3914abf369
   购买时间: 2025/1/28 03:45:30
10. 号码: 8
   购买者: 0x5a25B95bd636738cA6F77ab6ec2832F17D4b2248
   购买时间: 2025/1/28 03:45:30
11. 号码: 9
   购买者: 0x30BbA918d674176028b43bf1EF053ab4118C295d
   购买时间: 2025/1/28 03:45:32
12. 号码: 11
   购买者: 0xB021fbE1E51A987DCeDb60fF3234f081D018e7FC
   购买时间: 2025/1/28 03:45:32
13. 号码: 10
   购买者: 0x09C2d83E706c23882ef9F4B74584148C46C7D591
   购买时间: 2025/1/28 03:45:34
14. 号码: 13
   购买者: 0xdaBbAa4614EC2bf0784f2e5528081Eb01246C4E2
   购买时间: 2025/1/28 03:45:34
开奖状态: 未开奖
[2025-01-27T19:45:35.825Z] [TICKET] 
🎫 新彩票购买:
时间: 2025/1/28 03:45:32
购买者: 0x30BbA918d674176028b43bf1EF053ab4118C295d
彩票号码: 9
交易哈希: 0xbe4be033f8a6f074b0f1cc1fee8e391495c1aeea1d7a305c7dd7ba02b8401216
[2025-01-27T19:45:35.828Z] [TICKET] 
🎫 新彩票购买:
时间: 2025/1/28 03:45:32
购买者: 0xB021fbE1E51A987DCeDb60fF3234f081D018e7FC
彩票号码: 11
交易哈希: 0xd6da3ef5e803a34119156059e36f260a3ba482616a010eee2d527337197ccffc
[2025-01-27T19:45:35.828Z] [TICKET] 
🎫 新彩票购买:
时间: 2025/1/28 03:45:34
购买者: 0x09C2d83E706c23882ef9F4B74584148C46C7D591
彩票号码: 10
交易哈希: 0xb40df370f5dca32e1a411ce04482c66b3af1f9f7a781d472ab2366418d0b1e2b
[2025-01-27T19:45:35.829Z] [TICKET] 
🎫 新彩票购买:
时间: 2025/1/28 03:45:34
购买者: 0xdaBbAa4614EC2bf0784f2e5528081Eb01246C4E2
彩票号码: 13
交易哈希: 0x31474b44dff91151e072efd7bbf95fd6ec7c1eb20542e6dd2fe5e0d769626cb6
[2025-01-27T19:45:36.287Z] [SUCCESS] 
交易详情 - 彩票购买:
交易哈希: 0xbe4be033f8a6f074b0f1cc1fee8e391495c1aeea1d7a305c7dd7ba02b8401216
发送方: 0x30BbA918d674176028b43bf1EF053ab4118C295d
接收方: 0x5eb1e04D71D5ACD30e946029339E7CE554024Cf4
状态: 成功
Gas使用: 118590
区块号: 7153165
[2025-01-27T19:45:36.291Z] [SUCCESS] 
交易详情 - 彩票购买:
交易哈希: 0x31474b44dff91151e072efd7bbf95fd6ec7c1eb20542e6dd2fe5e0d769626cb6
发送方: 0xdaBbAa4614EC2bf0784f2e5528081Eb01246C4E2
接收方: 0x5eb1e04D71D5ACD30e946029339E7CE554024Cf4
状态: 成功
Gas使用: 118590
区块号: 7153166
[2025-01-27T19:45:36.292Z] [SUCCESS] 
交易详情 - 彩票购买:
交易哈希: 0xd6da3ef5e803a34119156059e36f260a3ba482616a010eee2d527337197ccffc
发送方: 0xB021fbE1E51A987DCeDb60fF3234f081D018e7FC
接收方: 0x5eb1e04D71D5ACD30e946029339E7CE554024Cf4
状态: 成功
Gas使用: 118590
区块号: 7153165
[2025-01-27T19:45:36.294Z] [SUCCESS] 
交易详情 - 彩票购买:
交易哈希: 0xb40df370f5dca32e1a411ce04482c66b3af1f9f7a781d472ab2366418d0b1e2b
发送方: 0x09C2d83E706c23882ef9F4B74584148C46C7D591
接收方: 0x5eb1e04D71D5ACD30e946029339E7CE554024Cf4
状态: 成功
Gas使用: 118590
区块号: 7153166
[2025-01-27T19:45:39.590Z] [TICKET] 
🎫 新彩票购买:
时间: 2025/1/28 03:45:36
购买者: 0xc01C77da1030368B1DD1B482009eb3587E968ABf
彩票号码: 12
交易哈希: 0xd46ba4b672568b864462e24130309967a072497c6013c9c602a775dc28b7168d
[2025-01-27T19:45:39.591Z] [TICKET] 
🎫 新彩票购买:
时间: 2025/1/28 03:45:36
购买者: 0xFc27A0EA68741a5155F39d4f2161f753405972ec
彩票号码: 15
交易哈希: 0xf0e0920117fbc818f7697c1038f1ede0dbc06c74f77fd769ccc752abfdb78b8d
[2025-01-27T19:45:39.591Z] [TICKET] 
🎫 新彩票购买:
时间: 2025/1/28 03:45:38
购买者: 0x771036c40335E1601A9A8d69dBB987678282999f
彩票号码: 16
交易哈希: 0x7699bda54571735db1ec2af313f8c1d0e5602b032dc0e7178f05fc2aab004e7c
[2025-01-27T19:45:39.592Z] [TICKET] 
🎫 新彩票购买:
时间: 2025/1/28 03:45:36
购买者: 0x124BE443861464fa6698c4cAE51EA6795695DE66
彩票号码: 14
交易哈希: 0xdb6f03b8d9ab98b92f92c3580855807faa7d4679d022d8f70561b3571f092a41
[2025-01-27T19:45:40.039Z] [SUCCESS] 
交易详情 - 彩票购买:
交易哈希: 0x7699bda54571735db1ec2af313f8c1d0e5602b032dc0e7178f05fc2aab004e7c
发送方: 0x771036c40335E1601A9A8d69dBB987678282999f
接收方: 0x5eb1e04D71D5ACD30e946029339E7CE554024Cf4
状态: 成功
Gas使用: 118590
区块号: 7153168
[2025-01-27T19:45:40.040Z] [SUCCESS] 
交易详情 - 彩票购买:
交易哈希: 0xd46ba4b672568b864462e24130309967a072497c6013c9c602a775dc28b7168d
发送方: 0xc01C77da1030368B1DD1B482009eb3587E968ABf
接收方: 0x5eb1e04D71D5ACD30e946029339E7CE554024Cf4
状态: 成功
Gas使用: 118590
区块号: 7153167
[2025-01-27T19:45:40.040Z] [SUCCESS] 
交易详情 - 彩票购买:
交易哈希: 0xdb6f03b8d9ab98b92f92c3580855807faa7d4679d022d8f70561b3571f092a41
发送方: 0x124BE443861464fa6698c4cAE51EA6795695DE66
接收方: 0x5eb1e04D71D5ACD30e946029339E7CE554024Cf4
状态: 成功
Gas使用: 118590
区块号: 7153167
[2025-01-27T19:45:40.041Z] [SUCCESS] 
交易详情 - 彩票购买:
交易哈希: 0xf0e0920117fbc818f7697c1038f1ede0dbc06c74f77fd769ccc752abfdb78b8d
发送方: 0xFc27A0EA68741a5155F39d4f2161f753405972ec
接收方: 0x5eb1e04D71D5ACD30e946029339E7CE554024Cf4
状态: 成功
Gas使用: 118590
区块号: 7153167
[2025-01-27T19:45:41.134Z] [STATUS] 当前彩票状态:
总票数: 20
彩票列表:
1. 号码: 5
   购买者: 0xb557cA258f4a20C3918F89e9a040c38Ba7F2e5c7
   购买时间: 2025/1/28 03:08:30
2. 号码: 45
   购买者: 0x3785eEa65F0a15cC1E5398B729f580b16Ccc4309
   购买时间: 2025/1/28 03:17:30
3. 号码: 1
   购买者: 0x80A2890757757F2B11cbA7758dCf0A4895E6ce17
   购买时间: 2025/1/28 03:45:24
4. 号码: 2
   购买者: 0x653A333ea097039A04A26d762C6898E505e2e2b2
   购买时间: 2025/1/28 03:45:26
5. 号码: 3
   购买者: 0x2287259AeAD936813D2268e6Ad76e1758e22bd3e
   购买时间: 2025/1/28 03:45:26
6. 号码: 4
   购买者: 0xDB9Ca9E7b648F474951173Ec1F72239b004dfEC5
   购买时间: 2025/1/28 03:45:26
7. 号码: 5
   购买者: 0x6e9Cc86C8fc994135e4c423C87002a2a8Ac94dAf
   购买时间: 2025/1/28 03:45:26
8. 号码: 6
   购买者: 0x069F920D216989e71daF6E8D5C07beDaF16CB701
   购买时间: 2025/1/28 03:45:28
9. 号码: 7
   购买者: 0x0491f4D4FFD169F61052715e13782f3914abf369
   购买时间: 2025/1/28 03:45:30
10. 号码: 8
   购买者: 0x5a25B95bd636738cA6F77ab6ec2832F17D4b2248
   购买时间: 2025/1/28 03:45:30
11. 号码: 9
   购买者: 0x30BbA918d674176028b43bf1EF053ab4118C295d
   购买时间: 2025/1/28 03:45:32
12. 号码: 11
   购买者: 0xB021fbE1E51A987DCeDb60fF3234f081D018e7FC
   购买时间: 2025/1/28 03:45:32
13. 号码: 10
   购买者: 0x09C2d83E706c23882ef9F4B74584148C46C7D591
   购买时间: 2025/1/28 03:45:34
14. 号码: 13
   购买者: 0xdaBbAa4614EC2bf0784f2e5528081Eb01246C4E2
   购买时间: 2025/1/28 03:45:34
15. 号码: 12
   购买者: 0xc01C77da1030368B1DD1B482009eb3587E968ABf
   购买时间: 2025/1/28 03:45:36
16. 号码: 14
   购买者: 0x124BE443861464fa6698c4cAE51EA6795695DE66
   购买时间: 2025/1/28 03:45:36
17. 号码: 15
   购买者: 0xFc27A0EA68741a5155F39d4f2161f753405972ec
   购买时间: 2025/1/28 03:45:36
18. 号码: 16
   购买者: 0x771036c40335E1601A9A8d69dBB987678282999f
   购买时间: 2025/1/28 03:45:38
19. 号码: 17
   购买者: 0x6e9Cc265165EA293cE2f75D503Aaa9EacD151c07
   购买时间: 2025/1/28 03:45:40
20. 号码: 18
   购买者: 0x2FE9bAD014d53071C3B06AD112Ab7f17a2ceaa1D
   购买时间: 2025/1/28 03:45:40
开奖状态: 未开奖
[2025-01-27T19:45:41.367Z] [STATUS] 当前彩票状态:
总票数: 20
彩票列表:
1. 号码: 5
   购买者: 0xb557cA258f4a20C3918F89e9a040c38Ba7F2e5c7
   购买时间: 2025/1/28 03:08:30
2. 号码: 45
   购买者: 0x3785eEa65F0a15cC1E5398B729f580b16Ccc4309
   购买时间: 2025/1/28 03:17:30
3. 号码: 1
   购买者: 0x80A2890757757F2B11cbA7758dCf0A4895E6ce17
   购买时间: 2025/1/28 03:45:24
4. 号码: 2
   购买者: 0x653A333ea097039A04A26d762C6898E505e2e2b2
   购买时间: 2025/1/28 03:45:26
5. 号码: 3
   购买者: 0x2287259AeAD936813D2268e6Ad76e1758e22bd3e
   购买时间: 2025/1/28 03:45:26
6. 号码: 4
   购买者: 0xDB9Ca9E7b648F474951173Ec1F72239b004dfEC5
   购买时间: 2025/1/28 03:45:26
7. 号码: 5
   购买者: 0x6e9Cc86C8fc994135e4c423C87002a2a8Ac94dAf
   购买时间: 2025/1/28 03:45:26
8. 号码: 6
   购买者: 0x069F920D216989e71daF6E8D5C07beDaF16CB701
   购买时间: 2025/1/28 03:45:28
9. 号码: 7
   购买者: 0x0491f4D4FFD169F61052715e13782f3914abf369
   购买时间: 2025/1/28 03:45:30
10. 号码: 8
   购买者: 0x5a25B95bd636738cA6F77ab6ec2832F17D4b2248
   购买时间: 2025/1/28 03:45:30
11. 号码: 9
   购买者: 0x30BbA918d674176028b43bf1EF053ab4118C295d
   购买时间: 2025/1/28 03:45:32
12. 号码: 11
   购买者: 0xB021fbE1E51A987DCeDb60fF3234f081D018e7FC
   购买时间: 2025/1/28 03:45:32
13. 号码: 10
   购买者: 0x09C2d83E706c23882ef9F4B74584148C46C7D591
   购买时间: 2025/1/28 03:45:34
14. 号码: 13
   购买者: 0xdaBbAa4614EC2bf0784f2e5528081Eb01246C4E2
   购买时间: 2025/1/28 03:45:34
15. 号码: 12
   购买者: 0xc01C77da1030368B1DD1B482009eb3587E968ABf
   购买时间: 2025/1/28 03:45:36
16. 号码: 14
   购买者: 0x124BE443861464fa6698c4cAE51EA6795695DE66
   购买时间: 2025/1/28 03:45:36
17. 号码: 15
   购买者: 0xFc27A0EA68741a5155F39d4f2161f753405972ec
   购买时间: 2025/1/28 03:45:36
18. 号码: 16
   购买者: 0x771036c40335E1601A9A8d69dBB987678282999f
   购买时间: 2025/1/28 03:45:38
19. 号码: 17
   购买者: 0x6e9Cc265165EA293cE2f75D503Aaa9EacD151c07
   购买时间: 2025/1/28 03:45:40
20. 号码: 18
   购买者: 0x2FE9bAD014d53071C3B06AD112Ab7f17a2ceaa1D
   购买时间: 2025/1/28 03:45:40
开奖状态: 未开奖
[2025-01-27T19:45:41.370Z] [STATUS] 当前彩票状态:
总票数: 20
彩票列表:
1. 号码: 5
   购买者: 0xb557cA258f4a20C3918F89e9a040c38Ba7F2e5c7
   购买时间: 2025/1/28 03:08:30
2. 号码: 45
   购买者: 0x3785eEa65F0a15cC1E5398B729f580b16Ccc4309
   购买时间: 2025/1/28 03:17:30
3. 号码: 1
   购买者: 0x80A2890757757F2B11cbA7758dCf0A4895E6ce17
   购买时间: 2025/1/28 03:45:24
4. 号码: 2
   购买者: 0x653A333ea097039A04A26d762C6898E505e2e2b2
   购买时间: 2025/1/28 03:45:26
5. 号码: 3
   购买者: 0x2287259AeAD936813D2268e6Ad76e1758e22bd3e
   购买时间: 2025/1/28 03:45:26
6. 号码: 4
   购买者: 0xDB9Ca9E7b648F474951173Ec1F72239b004dfEC5
   购买时间: 2025/1/28 03:45:26
7. 号码: 5
   购买者: 0x6e9Cc86C8fc994135e4c423C87002a2a8Ac94dAf
   购买时间: 2025/1/28 03:45:26
8. 号码: 6
   购买者: 0x069F920D216989e71daF6E8D5C07beDaF16CB701
   购买时间: 2025/1/28 03:45:28
9. 号码: 7
   购买者: 0x0491f4D4FFD169F61052715e13782f3914abf369
   购买时间: 2025/1/28 03:45:30
10. 号码: 8
   购买者: 0x5a25B95bd636738cA6F77ab6ec2832F17D4b2248
   购买时间: 2025/1/28 03:45:30
11. 号码: 9
   购买者: 0x30BbA918d674176028b43bf1EF053ab4118C295d
   购买时间: 2025/1/28 03:45:32
12. 号码: 11
   购买者: 0xB021fbE1E51A987DCeDb60fF3234f081D018e7FC
   购买时间: 2025/1/28 03:45:32
13. 号码: 10
   购买者: 0x09C2d83E706c23882ef9F4B74584148C46C7D591
   购买时间: 2025/1/28 03:45:34
14. 号码: 13
   购买者: 0xdaBbAa4614EC2bf0784f2e5528081Eb01246C4E2
   购买时间: 2025/1/28 03:45:34
15. 号码: 12
   购买者: 0xc01C77da1030368B1DD1B482009eb3587E968ABf
   购买时间: 2025/1/28 03:45:36
16. 号码: 14
   购买者: 0x124BE443861464fa6698c4cAE51EA6795695DE66
   购买时间: 2025/1/28 03:45:36
17. 号码: 15
   购买者: 0xFc27A0EA68741a5155F39d4f2161f753405972ec
   购买时间: 2025/1/28 03:45:36
18. 号码: 16
   购买者: 0x771036c40335E1601A9A8d69dBB987678282999f
   购买时间: 2025/1/28 03:45:38
19. 号码: 17
   购买者: 0x6e9Cc265165EA293cE2f75D503Aaa9EacD151c07
   购买时间: 2025/1/28 03:45:40
20. 号码: 18
   购买者: 0x2FE9bAD014d53071C3B06AD112Ab7f17a2ceaa1D
   购买时间: 2025/1/28 03:45:40
开奖状态: 未开奖
[2025-01-27T19:45:41.371Z] [STATUS] 当前彩票状态:
总票数: 20
彩票列表:
1. 号码: 5
   购买者: 0xb557cA258f4a20C3918F89e9a040c38Ba7F2e5c7
   购买时间: 2025/1/28 03:08:30
2. 号码: 45
   购买者: 0x3785eEa65F0a15cC1E5398B729f580b16Ccc4309
   购买时间: 2025/1/28 03:17:30
3. 号码: 1
   购买者: 0x80A2890757757F2B11cbA7758dCf0A4895E6ce17
   购买时间: 2025/1/28 03:45:24
4. 号码: 2
   购买者: 0x653A333ea097039A04A26d762C6898E505e2e2b2
   购买时间: 2025/1/28 03:45:26
5. 号码: 3
   购买者: 0x2287259AeAD936813D2268e6Ad76e1758e22bd3e
   购买时间: 2025/1/28 03:45:26
6. 号码: 4
   购买者: 0xDB9Ca9E7b648F474951173Ec1F72239b004dfEC5
   购买时间: 2025/1/28 03:45:26
7. 号码: 5
   购买者: 0x6e9Cc86C8fc994135e4c423C87002a2a8Ac94dAf
   购买时间: 2025/1/28 03:45:26
8. 号码: 6
   购买者: 0x069F920D216989e71daF6E8D5C07beDaF16CB701
   购买时间: 2025/1/28 03:45:28
9. 号码: 7
   购买者: 0x0491f4D4FFD169F61052715e13782f3914abf369
   购买时间: 2025/1/28 03:45:30
10. 号码: 8
   购买者: 0x5a25B95bd636738cA6F77ab6ec2832F17D4b2248
   购买时间: 2025/1/28 03:45:30
11. 号码: 9
   购买者: 0x30BbA918d674176028b43bf1EF053ab4118C295d
   购买时间: 2025/1/28 03:45:32
12. 号码: 11
   购买者: 0xB021fbE1E51A987DCeDb60fF3234f081D018e7FC
   购买时间: 2025/1/28 03:45:32
13. 号码: 10
   购买者: 0x09C2d83E706c23882ef9F4B74584148C46C7D591
   购买时间: 2025/1/28 03:45:34
14. 号码: 13
   购买者: 0xdaBbAa4614EC2bf0784f2e5528081Eb01246C4E2
   购买时间: 2025/1/28 03:45:34
15. 号码: 12
   购买者: 0xc01C77da1030368B1DD1B482009eb3587E968ABf
   购买时间: 2025/1/28 03:45:36
16. 号码: 14
   购买者: 0x124BE443861464fa6698c4cAE51EA6795695DE66
   购买时间: 2025/1/28 03:45:36
17. 号码: 15
   购买者: 0xFc27A0EA68741a5155F39d4f2161f753405972ec
   购买时间: 2025/1/28 03:45:36
18. 号码: 16
   购买者: 0x771036c40335E1601A9A8d69dBB987678282999f
   购买时间: 2025/1/28 03:45:38
19. 号码: 17
   购买者: 0x6e9Cc265165EA293cE2f75D503Aaa9EacD151c07
   购买时间: 2025/1/28 03:45:40
20. 号码: 18
   购买者: 0x2FE9bAD014d53071C3B06AD112Ab7f17a2ceaa1D
   购买时间: 2025/1/28 03:45:40
开奖状态: 未开奖
[2025-01-27T19:45:43.599Z] [TICKET] 
🎫 新彩票购买:
时间: 2025/1/28 03:45:40
购买者: 0x6e9Cc265165EA293cE2f75D503Aaa9EacD151c07
彩票号码: 17
交易哈希: 0x7a3a150d75f6a080b7cb63babdc93ab2c102b9cda0e46ea4b056734e3d88bed3
[2025-01-27T19:45:43.600Z] [TICKET] 
🎫 新彩票购买:
时间: 2025/1/28 03:45:42
购买者: 0xf491Ce3e70285EC953388Dc53C979aCc45143b2e
彩票号码: 19
交易哈希: 0x63f7dc2cbc526d51683e3d214ddec78481e057804434790837f37866f3515f1a
[2025-01-27T19:45:43.601Z] [TICKET] 
🎫 新彩票购买:
时间: 2025/1/28 03:45:40
购买者: 0x2FE9bAD014d53071C3B06AD112Ab7f17a2ceaa1D
彩票号码: 18
交易哈希: 0x55df55686cc26cde4d0dbcb584882270cdcb70abd0e16a47fb3d0d18e05c1e84
[2025-01-27T19:45:43.601Z] [TICKET] 
🎫 新彩票购买:
时间: 2025/1/28 03:45:42
购买者: 0xE9e324A7f29DAaA845BC4dd7AC93f675B5693bC6
彩票号码: 20
交易哈希: 0x1d2bda87627b49dd4fd65f893d66b54d649775744ee1b08762e08e011128be18
[2025-01-27T19:45:44.039Z] [SUCCESS] 
交易详情 - 彩票购买:
交易哈希: 0x7a3a150d75f6a080b7cb63babdc93ab2c102b9cda0e46ea4b056734e3d88bed3
发送方: 0x6e9Cc265165EA293cE2f75D503Aaa9EacD151c07
接收方: 0x5eb1e04D71D5ACD30e946029339E7CE554024Cf4
状态: 成功
Gas使用: 118590
区块号: 7153169
[2025-01-27T19:45:44.043Z] [SUCCESS] 
交易详情 - 彩票购买:
交易哈希: 0x55df55686cc26cde4d0dbcb584882270cdcb70abd0e16a47fb3d0d18e05c1e84
发送方: 0x2FE9bAD014d53071C3B06AD112Ab7f17a2ceaa1D
接收方: 0x5eb1e04D71D5ACD30e946029339E7CE554024Cf4
状态: 成功
Gas使用: 118590
区块号: 7153169
[2025-01-27T19:45:44.045Z] [SUCCESS] 
交易详情 - 彩票购买:
交易哈希: 0x63f7dc2cbc526d51683e3d214ddec78481e057804434790837f37866f3515f1a
发送方: 0xf491Ce3e70285EC953388Dc53C979aCc45143b2e
接收方: 0x5eb1e04D71D5ACD30e946029339E7CE554024Cf4
状态: 成功
Gas使用: 118590
区块号: 7153170
[2025-01-27T19:45:44.047Z] [SUCCESS] 
交易详情 - 彩票购买:
交易哈希: 0x1d2bda87627b49dd4fd65f893d66b54d649775744ee1b08762e08e011128be18
发送方: 0xE9e324A7f29DAaA845BC4dd7AC93f675B5693bC6
接收方: 0x5eb1e04D71D5ACD30e946029339E7CE554024Cf4
状态: 成功
Gas使用: 118590
区块号: 7153170
[2025-01-27T19:45:45.820Z] [STATUS] 当前彩票状态:
总票数: 24
彩票列表:
1. 号码: 5
   购买者: 0xb557cA258f4a20C3918F89e9a040c38Ba7F2e5c7
   购买时间: 2025/1/28 03:08:30
2. 号码: 45
   购买者: 0x3785eEa65F0a15cC1E5398B729f580b16Ccc4309
   购买时间: 2025/1/28 03:17:30
3. 号码: 1
   购买者: 0x80A2890757757F2B11cbA7758dCf0A4895E6ce17
   购买时间: 2025/1/28 03:45:24
4. 号码: 2
   购买者: 0x653A333ea097039A04A26d762C6898E505e2e2b2
   购买时间: 2025/1/28 03:45:26
5. 号码: 3
   购买者: 0x2287259AeAD936813D2268e6Ad76e1758e22bd3e
   购买时间: 2025/1/28 03:45:26
6. 号码: 4
   购买者: 0xDB9Ca9E7b648F474951173Ec1F72239b004dfEC5
   购买时间: 2025/1/28 03:45:26
7. 号码: 5
   购买者: 0x6e9Cc86C8fc994135e4c423C87002a2a8Ac94dAf
   购买时间: 2025/1/28 03:45:26
8. 号码: 6
   购买者: 0x069F920D216989e71daF6E8D5C07beDaF16CB701
   购买时间: 2025/1/28 03:45:28
9. 号码: 7
   购买者: 0x0491f4D4FFD169F61052715e13782f3914abf369
   购买时间: 2025/1/28 03:45:30
10. 号码: 8
   购买者: 0x5a25B95bd636738cA6F77ab6ec2832F17D4b2248
   购买时间: 2025/1/28 03:45:30
11. 号码: 9
   购买者: 0x30BbA918d674176028b43bf1EF053ab4118C295d
   购买时间: 2025/1/28 03:45:32
12. 号码: 11
   购买者: 0xB021fbE1E51A987DCeDb60fF3234f081D018e7FC
   购买时间: 2025/1/28 03:45:32
13. 号码: 10
   购买者: 0x09C2d83E706c23882ef9F4B74584148C46C7D591
   购买时间: 2025/1/28 03:45:34
14. 号码: 13
   购买者: 0xdaBbAa4614EC2bf0784f2e5528081Eb01246C4E2
   购买时间: 2025/1/28 03:45:34
15. 号码: 12
   购买者: 0xc01C77da1030368B1DD1B482009eb3587E968ABf
   购买时间: 2025/1/28 03:45:36
16. 号码: 14
   购买者: 0x124BE443861464fa6698c4cAE51EA6795695DE66
   购买时间: 2025/1/28 03:45:36
17. 号码: 15
   购买者: 0xFc27A0EA68741a5155F39d4f2161f753405972ec
   购买时间: 2025/1/28 03:45:36
18. 号码: 16
   购买者: 0x771036c40335E1601A9A8d69dBB987678282999f
   购买时间: 2025/1/28 03:45:38
19. 号码: 17
   购买者: 0x6e9Cc265165EA293cE2f75D503Aaa9EacD151c07
   购买时间: 2025/1/28 03:45:40
20. 号码: 18
   购买者: 0x2FE9bAD014d53071C3B06AD112Ab7f17a2ceaa1D
   购买时间: 2025/1/28 03:45:40
21. 号码: 19
   购买者: 0xf491Ce3e70285EC953388Dc53C979aCc45143b2e
   购买时间: 2025/1/28 03:45:42
22. 号码: 20
   购买者: 0xE9e324A7f29DAaA845BC4dd7AC93f675B5693bC6
   购买时间: 2025/1/28 03:45:42
23. 号码: 21
   购买者: 0x958587195917EbF0098Ff401Ee836710C6cFA466
   购买时间: 2025/1/28 03:45:44
24. 号码: 22
   购买者: 0x06E0e662D5283BF85f3b81eB90502a8e61117d22
   购买时间: 2025/1/28 03:45:44
开奖状态: 未开奖
[2025-01-27T19:45:45.823Z] [STATUS] 当前彩票状态:
总票数: 24
彩票列表:
1. 号码: 5
   购买者: 0xb557cA258f4a20C3918F89e9a040c38Ba7F2e5c7
   购买时间: 2025/1/28 03:08:30
2. 号码: 45
   购买者: 0x3785eEa65F0a15cC1E5398B729f580b16Ccc4309
   购买时间: 2025/1/28 03:17:30
3. 号码: 1
   购买者: 0x80A2890757757F2B11cbA7758dCf0A4895E6ce17
   购买时间: 2025/1/28 03:45:24
4. 号码: 2
   购买者: 0x653A333ea097039A04A26d762C6898E505e2e2b2
   购买时间: 2025/1/28 03:45:26
5. 号码: 3
   购买者: 0x2287259AeAD936813D2268e6Ad76e1758e22bd3e
   购买时间: 2025/1/28 03:45:26
6. 号码: 4
   购买者: 0xDB9Ca9E7b648F474951173Ec1F72239b004dfEC5
   购买时间: 2025/1/28 03:45:26
7. 号码: 5
   购买者: 0x6e9Cc86C8fc994135e4c423C87002a2a8Ac94dAf
   购买时间: 2025/1/28 03:45:26
8. 号码: 6
   购买者: 0x069F920D216989e71daF6E8D5C07beDaF16CB701
   购买时间: 2025/1/28 03:45:28
9. 号码: 7
   购买者: 0x0491f4D4FFD169F61052715e13782f3914abf369
   购买时间: 2025/1/28 03:45:30
10. 号码: 8
   购买者: 0x5a25B95bd636738cA6F77ab6ec2832F17D4b2248
   购买时间: 2025/1/28 03:45:30
11. 号码: 9
   购买者: 0x30BbA918d674176028b43bf1EF053ab4118C295d
   购买时间: 2025/1/28 03:45:32
12. 号码: 11
   购买者: 0xB021fbE1E51A987DCeDb60fF3234f081D018e7FC
   购买时间: 2025/1/28 03:45:32
13. 号码: 10
   购买者: 0x09C2d83E706c23882ef9F4B74584148C46C7D591
   购买时间: 2025/1/28 03:45:34
14. 号码: 13
   购买者: 0xdaBbAa4614EC2bf0784f2e5528081Eb01246C4E2
   购买时间: 2025/1/28 03:45:34
15. 号码: 12
   购买者: 0xc01C77da1030368B1DD1B482009eb3587E968ABf
   购买时间: 2025/1/28 03:45:36
16. 号码: 14
   购买者: 0x124BE443861464fa6698c4cAE51EA6795695DE66
   购买时间: 2025/1/28 03:45:36
17. 号码: 15
   购买者: 0xFc27A0EA68741a5155F39d4f2161f753405972ec
   购买时间: 2025/1/28 03:45:36
18. 号码: 16
   购买者: 0x771036c40335E1601A9A8d69dBB987678282999f
   购买时间: 2025/1/28 03:45:38
19. 号码: 17
   购买者: 0x6e9Cc265165EA293cE2f75D503Aaa9EacD151c07
   购买时间: 2025/1/28 03:45:40
20. 号码: 18
   购买者: 0x2FE9bAD014d53071C3B06AD112Ab7f17a2ceaa1D
   购买时间: 2025/1/28 03:45:40
21. 号码: 19
   购买者: 0xf491Ce3e70285EC953388Dc53C979aCc45143b2e
   购买时间: 2025/1/28 03:45:42
22. 号码: 20
   购买者: 0xE9e324A7f29DAaA845BC4dd7AC93f675B5693bC6
   购买时间: 2025/1/28 03:45:42
23. 号码: 21
   购买者: 0x958587195917EbF0098Ff401Ee836710C6cFA466
   购买时间: 2025/1/28 03:45:44
24. 号码: 22
   购买者: 0x06E0e662D5283BF85f3b81eB90502a8e61117d22
   购买时间: 2025/1/28 03:45:44
开奖状态: 未开奖
[2025-01-27T19:45:45.827Z] [STATUS] 当前彩票状态:
总票数: 24
彩票列表:
1. 号码: 5
   购买者: 0xb557cA258f4a20C3918F89e9a040c38Ba7F2e5c7
   购买时间: 2025/1/28 03:08:30
2. 号码: 45
   购买者: 0x3785eEa65F0a15cC1E5398B729f580b16Ccc4309
   购买时间: 2025/1/28 03:17:30
3. 号码: 1
   购买者: 0x80A2890757757F2B11cbA7758dCf0A4895E6ce17
   购买时间: 2025/1/28 03:45:24
4. 号码: 2
   购买者: 0x653A333ea097039A04A26d762C6898E505e2e2b2
   购买时间: 2025/1/28 03:45:26
5. 号码: 3
   购买者: 0x2287259AeAD936813D2268e6Ad76e1758e22bd3e
   购买时间: 2025/1/28 03:45:26
6. 号码: 4
   购买者: 0xDB9Ca9E7b648F474951173Ec1F72239b004dfEC5
   购买时间: 2025/1/28 03:45:26
7. 号码: 5
   购买者: 0x6e9Cc86C8fc994135e4c423C87002a2a8Ac94dAf
   购买时间: 2025/1/28 03:45:26
8. 号码: 6
   购买者: 0x069F920D216989e71daF6E8D5C07beDaF16CB701
   购买时间: 2025/1/28 03:45:28
9. 号码: 7
   购买者: 0x0491f4D4FFD169F61052715e13782f3914abf369
   购买时间: 2025/1/28 03:45:30
10. 号码: 8
   购买者: 0x5a25B95bd636738cA6F77ab6ec2832F17D4b2248
   购买时间: 2025/1/28 03:45:30
11. 号码: 9
   购买者: 0x30BbA918d674176028b43bf1EF053ab4118C295d
   购买时间: 2025/1/28 03:45:32
12. 号码: 11
   购买者: 0xB021fbE1E51A987DCeDb60fF3234f081D018e7FC
   购买时间: 2025/1/28 03:45:32
13. 号码: 10
   购买者: 0x09C2d83E706c23882ef9F4B74584148C46C7D591
   购买时间: 2025/1/28 03:45:34
14. 号码: 13
   购买者: 0xdaBbAa4614EC2bf0784f2e5528081Eb01246C4E2
   购买时间: 2025/1/28 03:45:34
15. 号码: 12
   购买者: 0xc01C77da1030368B1DD1B482009eb3587E968ABf
   购买时间: 2025/1/28 03:45:36
16. 号码: 14
   购买者: 0x124BE443861464fa6698c4cAE51EA6795695DE66
   购买时间: 2025/1/28 03:45:36
17. 号码: 15
   购买者: 0xFc27A0EA68741a5155F39d4f2161f753405972ec
   购买时间: 2025/1/28 03:45:36
18. 号码: 16
   购买者: 0x771036c40335E1601A9A8d69dBB987678282999f
   购买时间: 2025/1/28 03:45:38
19. 号码: 17
   购买者: 0x6e9Cc265165EA293cE2f75D503Aaa9EacD151c07
   购买时间: 2025/1/28 03:45:40
20. 号码: 18
   购买者: 0x2FE9bAD014d53071C3B06AD112Ab7f17a2ceaa1D
   购买时间: 2025/1/28 03:45:40
21. 号码: 19
   购买者: 0xf491Ce3e70285EC953388Dc53C979aCc45143b2e
   购买时间: 2025/1/28 03:45:42
22. 号码: 20
   购买者: 0xE9e324A7f29DAaA845BC4dd7AC93f675B5693bC6
   购买时间: 2025/1/28 03:45:42
23. 号码: 21
   购买者: 0x958587195917EbF0098Ff401Ee836710C6cFA466
   购买时间: 2025/1/28 03:45:44
24. 号码: 22
   购买者: 0x06E0e662D5283BF85f3b81eB90502a8e61117d22
   购买时间: 2025/1/28 03:45:44
开奖状态: 未开奖
[2025-01-27T19:45:45.830Z] [STATUS] 当前彩票状态:
总票数: 24
彩票列表:
1. 号码: 5
   购买者: 0xb557cA258f4a20C3918F89e9a040c38Ba7F2e5c7
   购买时间: 2025/1/28 03:08:30
2. 号码: 45
   购买者: 0x3785eEa65F0a15cC1E5398B729f580b16Ccc4309
   购买时间: 2025/1/28 03:17:30
3. 号码: 1
   购买者: 0x80A2890757757F2B11cbA7758dCf0A4895E6ce17
   购买时间: 2025/1/28 03:45:24
4. 号码: 2
   购买者: 0x653A333ea097039A04A26d762C6898E505e2e2b2
   购买时间: 2025/1/28 03:45:26
5. 号码: 3
   购买者: 0x2287259AeAD936813D2268e6Ad76e1758e22bd3e
   购买时间: 2025/1/28 03:45:26
6. 号码: 4
   购买者: 0xDB9Ca9E7b648F474951173Ec1F72239b004dfEC5
   购买时间: 2025/1/28 03:45:26
7. 号码: 5
   购买者: 0x6e9Cc86C8fc994135e4c423C87002a2a8Ac94dAf
   购买时间: 2025/1/28 03:45:26
8. 号码: 6
   购买者: 0x069F920D216989e71daF6E8D5C07beDaF16CB701
   购买时间: 2025/1/28 03:45:28
9. 号码: 7
   购买者: 0x0491f4D4FFD169F61052715e13782f3914abf369
   购买时间: 2025/1/28 03:45:30
10. 号码: 8
   购买者: 0x5a25B95bd636738cA6F77ab6ec2832F17D4b2248
   购买时间: 2025/1/28 03:45:30
11. 号码: 9
   购买者: 0x30BbA918d674176028b43bf1EF053ab4118C295d
   购买时间: 2025/1/28 03:45:32
12. 号码: 11
   购买者: 0xB021fbE1E51A987DCeDb60fF3234f081D018e7FC
   购买时间: 2025/1/28 03:45:32
13. 号码: 10
   购买者: 0x09C2d83E706c23882ef9F4B74584148C46C7D591
   购买时间: 2025/1/28 03:45:34
14. 号码: 13
   购买者: 0xdaBbAa4614EC2bf0784f2e5528081Eb01246C4E2
   购买时间: 2025/1/28 03:45:34
15. 号码: 12
   购买者: 0xc01C77da1030368B1DD1B482009eb3587E968ABf
   购买时间: 2025/1/28 03:45:36
16. 号码: 14
   购买者: 0x124BE443861464fa6698c4cAE51EA6795695DE66
   购买时间: 2025/1/28 03:45:36
17. 号码: 15
   购买者: 0xFc27A0EA68741a5155F39d4f2161f753405972ec
   购买时间: 2025/1/28 03:45:36
18. 号码: 16
   购买者: 0x771036c40335E1601A9A8d69dBB987678282999f
   购买时间: 2025/1/28 03:45:38
19. 号码: 17
   购买者: 0x6e9Cc265165EA293cE2f75D503Aaa9EacD151c07
   购买时间: 2025/1/28 03:45:40
20. 号码: 18
   购买者: 0x2FE9bAD014d53071C3B06AD112Ab7f17a2ceaa1D
   购买时间: 2025/1/28 03:45:40
21. 号码: 19
   购买者: 0xf491Ce3e70285EC953388Dc53C979aCc45143b2e
   购买时间: 2025/1/28 03:45:42
22. 号码: 20
   购买者: 0xE9e324A7f29DAaA845BC4dd7AC93f675B5693bC6
   购买时间: 2025/1/28 03:45:42
23. 号码: 21
   购买者: 0x958587195917EbF0098Ff401Ee836710C6cFA466
   购买时间: 2025/1/28 03:45:44
24. 号码: 22
   购买者: 0x06E0e662D5283BF85f3b81eB90502a8e61117d22
   购买时间: 2025/1/28 03:45:44
开奖状态: 未开奖
[2025-01-27T19:45:47.594Z] [TICKET] 
🎫 新彩票购买:
时间: 2025/1/28 03:45:44
购买者: 0x06E0e662D5283BF85f3b81eB90502a8e61117d22
彩票号码: 22
交易哈希: 0x3ead7659ce8a97cd46123463a800c62027f723feffcb5b296f4263064ad97f28
[2025-01-27T19:45:47.598Z] [TICKET] 
🎫 新彩票购买:
时间: 2025/1/28 03:45:44
购买者: 0x958587195917EbF0098Ff401Ee836710C6cFA466
彩票号码: 21
交易哈希: 0x1f7b050ff261cc1da8f21c66051739a196f29af5381a269a9b983b72556041c2
[2025-01-27T19:45:47.599Z] [TICKET] 
🎫 新彩票购买:
时间: 2025/1/28 03:45:46
购买者: 0xA2Cf46029e49DC00bE45A301C036F9753Cd7A304
彩票号码: 24
交易哈希: 0xfbae0fb16794ee52b3634250a068443bcfa623cb96fe205c6860d813165e5da3
[2025-01-27T19:45:47.600Z] [TICKET] 
🎫 新彩票购买:
时间: 2025/1/28 03:45:46
购买者: 0xe7C82Bcf44aa8fB41C74Ca1b8420683EB7f8f3F1
彩票号码: 23
交易哈希: 0x99ce0b2f1356ea2da4104ad2a1ebea4dd9e80e711a9f1d9aa115e0b2c0d4bb25
[2025-01-27T19:45:48.034Z] [SUCCESS] 
交易详情 - 彩票购买:
交易哈希: 0x3ead7659ce8a97cd46123463a800c62027f723feffcb5b296f4263064ad97f28
发送方: 0x06E0e662D5283BF85f3b81eB90502a8e61117d22
接收方: 0x5eb1e04D71D5ACD30e946029339E7CE554024Cf4
状态: 成功
Gas使用: 118590
区块号: 7153171
[2025-01-27T19:45:48.037Z] [SUCCESS] 
交易详情 - 彩票购买:
交易哈希: 0x1f7b050ff261cc1da8f21c66051739a196f29af5381a269a9b983b72556041c2
发送方: 0x958587195917EbF0098Ff401Ee836710C6cFA466
接收方: 0x5eb1e04D71D5ACD30e946029339E7CE554024Cf4
状态: 成功
Gas使用: 118590
区块号: 7153171
[2025-01-27T19:45:48.039Z] [SUCCESS] 
交易详情 - 彩票购买:
交易哈希: 0x99ce0b2f1356ea2da4104ad2a1ebea4dd9e80e711a9f1d9aa115e0b2c0d4bb25
发送方: 0xe7C82Bcf44aa8fB41C74Ca1b8420683EB7f8f3F1
接收方: 0x5eb1e04D71D5ACD30e946029339E7CE554024Cf4
状态: 成功
Gas使用: 118590
区块号: 7153172
[2025-01-27T19:45:48.040Z] [SUCCESS] 
交易详情 - 彩票购买:
交易哈希: 0xfbae0fb16794ee52b3634250a068443bcfa623cb96fe205c6860d813165e5da3
发送方: 0xA2Cf46029e49DC00bE45A301C036F9753Cd7A304
接收方: 0x5eb1e04D71D5ACD30e946029339E7CE554024Cf4
状态: 成功
Gas使用: 118590
区块号: 7153172
[2025-01-27T19:45:51.230Z] [STATUS] 当前彩票状态:
总票数: 30
彩票列表:
1. 号码: 5
   购买者: 0xb557cA258f4a20C3918F89e9a040c38Ba7F2e5c7
   购买时间: 2025/1/28 03:08:30
2. 号码: 45
   购买者: 0x3785eEa65F0a15cC1E5398B729f580b16Ccc4309
   购买时间: 2025/1/28 03:17:30
3. 号码: 1
   购买者: 0x80A2890757757F2B11cbA7758dCf0A4895E6ce17
   购买时间: 2025/1/28 03:45:24
4. 号码: 2
   购买者: 0x653A333ea097039A04A26d762C6898E505e2e2b2
   购买时间: 2025/1/28 03:45:26
5. 号码: 3
   购买者: 0x2287259AeAD936813D2268e6Ad76e1758e22bd3e
   购买时间: 2025/1/28 03:45:26
6. 号码: 4
   购买者: 0xDB9Ca9E7b648F474951173Ec1F72239b004dfEC5
   购买时间: 2025/1/28 03:45:26
7. 号码: 5
   购买者: 0x6e9Cc86C8fc994135e4c423C87002a2a8Ac94dAf
   购买时间: 2025/1/28 03:45:26
8. 号码: 6
   购买者: 0x069F920D216989e71daF6E8D5C07beDaF16CB701
   购买时间: 2025/1/28 03:45:28
9. 号码: 7
   购买者: 0x0491f4D4FFD169F61052715e13782f3914abf369
   购买时间: 2025/1/28 03:45:30
10. 号码: 8
   购买者: 0x5a25B95bd636738cA6F77ab6ec2832F17D4b2248
   购买时间: 2025/1/28 03:45:30
11. 号码: 9
   购买者: 0x30BbA918d674176028b43bf1EF053ab4118C295d
   购买时间: 2025/1/28 03:45:32
12. 号码: 11
   购买者: 0xB021fbE1E51A987DCeDb60fF3234f081D018e7FC
   购买时间: 2025/1/28 03:45:32
13. 号码: 10
   购买者: 0x09C2d83E706c23882ef9F4B74584148C46C7D591
   购买时间: 2025/1/28 03:45:34
14. 号码: 13
   购买者: 0xdaBbAa4614EC2bf0784f2e5528081Eb01246C4E2
   购买时间: 2025/1/28 03:45:34
15. 号码: 12
   购买者: 0xc01C77da1030368B1DD1B482009eb3587E968ABf
   购买时间: 2025/1/28 03:45:36
16. 号码: 14
   购买者: 0x124BE443861464fa6698c4cAE51EA6795695DE66
   购买时间: 2025/1/28 03:45:36
17. 号码: 15
   购买者: 0xFc27A0EA68741a5155F39d4f2161f753405972ec
   购买时间: 2025/1/28 03:45:36
18. 号码: 16
   购买者: 0x771036c40335E1601A9A8d69dBB987678282999f
   购买时间: 2025/1/28 03:45:38
19. 号码: 17
   购买者: 0x6e9Cc265165EA293cE2f75D503Aaa9EacD151c07
   购买时间: 2025/1/28 03:45:40
20. 号码: 18
   购买者: 0x2FE9bAD014d53071C3B06AD112Ab7f17a2ceaa1D
   购买时间: 2025/1/28 03:45:40
21. 号码: 19
   购买者: 0xf491Ce3e70285EC953388Dc53C979aCc45143b2e
   购买时间: 2025/1/28 03:45:42
22. 号码: 20
   购买者: 0xE9e324A7f29DAaA845BC4dd7AC93f675B5693bC6
   购买时间: 2025/1/28 03:45:42
23. 号码: 21
   购买者: 0x958587195917EbF0098Ff401Ee836710C6cFA466
   购买时间: 2025/1/28 03:45:44
24. 号码: 22
   购买者: 0x06E0e662D5283BF85f3b81eB90502a8e61117d22
   购买时间: 2025/1/28 03:45:44
25. 号码: 23
   购买者: 0xe7C82Bcf44aa8fB41C74Ca1b8420683EB7f8f3F1
   购买时间: 2025/1/28 03:45:46
26. 号码: 24
   购买者: 0xA2Cf46029e49DC00bE45A301C036F9753Cd7A304
   购买时间: 2025/1/28 03:45:46
27. 号码: 25
   购买者: 0x8Ad3Fa8217cc4aa1C5FA0DC69472696263991636
   购买时间: 2025/1/28 03:45:48
28. 号码: 26
   购买者: 0xAfDFB7b3Ab358EE0a5E404FF24E58aFc9CB8Bd5a
   购买时间: 2025/1/28 03:45:48
29. 号码: 27
   购买者: 0xCf7374A0404d6C15951BCf148b6A753d75bd688E
   购买时间: 2025/1/28 03:45:48
30. 号码: 28
   购买者: 0x3A46E190D44B2304768F4951eD1b8651fD4c7c73
   购买时间: 2025/1/28 03:45:50
开奖状态: 未开奖
[2025-01-27T19:45:51.231Z] [STATUS] 当前彩票状态:
总票数: 30
彩票列表:
1. 号码: 5
   购买者: 0xb557cA258f4a20C3918F89e9a040c38Ba7F2e5c7
   购买时间: 2025/1/28 03:08:30
2. 号码: 45
   购买者: 0x3785eEa65F0a15cC1E5398B729f580b16Ccc4309
   购买时间: 2025/1/28 03:17:30
3. 号码: 1
   购买者: 0x80A2890757757F2B11cbA7758dCf0A4895E6ce17
   购买时间: 2025/1/28 03:45:24
4. 号码: 2
   购买者: 0x653A333ea097039A04A26d762C6898E505e2e2b2
   购买时间: 2025/1/28 03:45:26
5. 号码: 3
   购买者: 0x2287259AeAD936813D2268e6Ad76e1758e22bd3e
   购买时间: 2025/1/28 03:45:26
6. 号码: 4
   购买者: 0xDB9Ca9E7b648F474951173Ec1F72239b004dfEC5
   购买时间: 2025/1/28 03:45:26
7. 号码: 5
   购买者: 0x6e9Cc86C8fc994135e4c423C87002a2a8Ac94dAf
   购买时间: 2025/1/28 03:45:26
8. 号码: 6
   购买者: 0x069F920D216989e71daF6E8D5C07beDaF16CB701
   购买时间: 2025/1/28 03:45:28
9. 号码: 7
   购买者: 0x0491f4D4FFD169F61052715e13782f3914abf369
   购买时间: 2025/1/28 03:45:30
10. 号码: 8
   购买者: 0x5a25B95bd636738cA6F77ab6ec2832F17D4b2248
   购买时间: 2025/1/28 03:45:30
11. 号码: 9
   购买者: 0x30BbA918d674176028b43bf1EF053ab4118C295d
   购买时间: 2025/1/28 03:45:32
12. 号码: 11
   购买者: 0xB021fbE1E51A987DCeDb60fF3234f081D018e7FC
   购买时间: 2025/1/28 03:45:32
13. 号码: 10
   购买者: 0x09C2d83E706c23882ef9F4B74584148C46C7D591
   购买时间: 2025/1/28 03:45:34
14. 号码: 13
   购买者: 0xdaBbAa4614EC2bf0784f2e5528081Eb01246C4E2
   购买时间: 2025/1/28 03:45:34
15. 号码: 12
   购买者: 0xc01C77da1030368B1DD1B482009eb3587E968ABf
   购买时间: 2025/1/28 03:45:36
16. 号码: 14
   购买者: 0x124BE443861464fa6698c4cAE51EA6795695DE66
   购买时间: 2025/1/28 03:45:36
17. 号码: 15
   购买者: 0xFc27A0EA68741a5155F39d4f2161f753405972ec
   购买时间: 2025/1/28 03:45:36
18. 号码: 16
   购买者: 0x771036c40335E1601A9A8d69dBB987678282999f
   购买时间: 2025/1/28 03:45:38
19. 号码: 17
   购买者: 0x6e9Cc265165EA293cE2f75D503Aaa9EacD151c07
   购买时间: 2025/1/28 03:45:40
20. 号码: 18
   购买者: 0x2FE9bAD014d53071C3B06AD112Ab7f17a2ceaa1D
   购买时间: 2025/1/28 03:45:40
21. 号码: 19
   购买者: 0xf491Ce3e70285EC953388Dc53C979aCc45143b2e
   购买时间: 2025/1/28 03:45:42
22. 号码: 20
   购买者: 0xE9e324A7f29DAaA845BC4dd7AC93f675B5693bC6
   购买时间: 2025/1/28 03:45:42
23. 号码: 21
   购买者: 0x958587195917EbF0098Ff401Ee836710C6cFA466
   购买时间: 2025/1/28 03:45:44
24. 号码: 22
   购买者: 0x06E0e662D5283BF85f3b81eB90502a8e61117d22
   购买时间: 2025/1/28 03:45:44
25. 号码: 23
   购买者: 0xe7C82Bcf44aa8fB41C74Ca1b8420683EB7f8f3F1
   购买时间: 2025/1/28 03:45:46
26. 号码: 24
   购买者: 0xA2Cf46029e49DC00bE45A301C036F9753Cd7A304
   购买时间: 2025/1/28 03:45:46
27. 号码: 25
   购买者: 0x8Ad3Fa8217cc4aa1C5FA0DC69472696263991636
   购买时间: 2025/1/28 03:45:48
28. 号码: 26
   购买者: 0xAfDFB7b3Ab358EE0a5E404FF24E58aFc9CB8Bd5a
   购买时间: 2025/1/28 03:45:48
29. 号码: 27
   购买者: 0xCf7374A0404d6C15951BCf148b6A753d75bd688E
   购买时间: 2025/1/28 03:45:48
30. 号码: 28
   购买者: 0x3A46E190D44B2304768F4951eD1b8651fD4c7c73
   购买时间: 2025/1/28 03:45:50
开奖状态: 未开奖
[2025-01-27T19:45:51.232Z] [STATUS] 当前彩票状态:
总票数: 30
彩票列表:
1. 号码: 5
   购买者: 0xb557cA258f4a20C3918F89e9a040c38Ba7F2e5c7
   购买时间: 2025/1/28 03:08:30
2. 号码: 45
   购买者: 0x3785eEa65F0a15cC1E5398B729f580b16Ccc4309
   购买时间: 2025/1/28 03:17:30
3. 号码: 1
   购买者: 0x80A2890757757F2B11cbA7758dCf0A4895E6ce17
   购买时间: 2025/1/28 03:45:24
4. 号码: 2
   购买者: 0x653A333ea097039A04A26d762C6898E505e2e2b2
   购买时间: 2025/1/28 03:45:26
5. 号码: 3
   购买者: 0x2287259AeAD936813D2268e6Ad76e1758e22bd3e
   购买时间: 2025/1/28 03:45:26
6. 号码: 4
   购买者: 0xDB9Ca9E7b648F474951173Ec1F72239b004dfEC5
   购买时间: 2025/1/28 03:45:26
7. 号码: 5
   购买者: 0x6e9Cc86C8fc994135e4c423C87002a2a8Ac94dAf
   购买时间: 2025/1/28 03:45:26
8. 号码: 6
   购买者: 0x069F920D216989e71daF6E8D5C07beDaF16CB701
   购买时间: 2025/1/28 03:45:28
9. 号码: 7
   购买者: 0x0491f4D4FFD169F61052715e13782f3914abf369
   购买时间: 2025/1/28 03:45:30
10. 号码: 8
   购买者: 0x5a25B95bd636738cA6F77ab6ec2832F17D4b2248
   购买时间: 2025/1/28 03:45:30
11. 号码: 9
   购买者: 0x30BbA918d674176028b43bf1EF053ab4118C295d
   购买时间: 2025/1/28 03:45:32
12. 号码: 11
   购买者: 0xB021fbE1E51A987DCeDb60fF3234f081D018e7FC
   购买时间: 2025/1/28 03:45:32
13. 号码: 10
   购买者: 0x09C2d83E706c23882ef9F4B74584148C46C7D591
   购买时间: 2025/1/28 03:45:34
14. 号码: 13
   购买者: 0xdaBbAa4614EC2bf0784f2e5528081Eb01246C4E2
   购买时间: 2025/1/28 03:45:34
15. 号码: 12
   购买者: 0xc01C77da1030368B1DD1B482009eb3587E968ABf
   购买时间: 2025/1/28 03:45:36
16. 号码: 14
   购买者: 0x124BE443861464fa6698c4cAE51EA6795695DE66
   购买时间: 2025/1/28 03:45:36
17. 号码: 15
   购买者: 0xFc27A0EA68741a5155F39d4f2161f753405972ec
   购买时间: 2025/1/28 03:45:36
18. 号码: 16
   购买者: 0x771036c40335E1601A9A8d69dBB987678282999f
   购买时间: 2025/1/28 03:45:38
19. 号码: 17
   购买者: 0x6e9Cc265165EA293cE2f75D503Aaa9EacD151c07
   购买时间: 2025/1/28 03:45:40
20. 号码: 18
   购买者: 0x2FE9bAD014d53071C3B06AD112Ab7f17a2ceaa1D
   购买时间: 2025/1/28 03:45:40
21. 号码: 19
   购买者: 0xf491Ce3e70285EC953388Dc53C979aCc45143b2e
   购买时间: 2025/1/28 03:45:42
22. 号码: 20
   购买者: 0xE9e324A7f29DAaA845BC4dd7AC93f675B5693bC6
   购买时间: 2025/1/28 03:45:42
23. 号码: 21
   购买者: 0x958587195917EbF0098Ff401Ee836710C6cFA466
   购买时间: 2025/1/28 03:45:44
24. 号码: 22
   购买者: 0x06E0e662D5283BF85f3b81eB90502a8e61117d22
   购买时间: 2025/1/28 03:45:44
25. 号码: 23
   购买者: 0xe7C82Bcf44aa8fB41C74Ca1b8420683EB7f8f3F1
   购买时间: 2025/1/28 03:45:46
26. 号码: 24
   购买者: 0xA2Cf46029e49DC00bE45A301C036F9753Cd7A304
   购买时间: 2025/1/28 03:45:46
27. 号码: 25
   购买者: 0x8Ad3Fa8217cc4aa1C5FA0DC69472696263991636
   购买时间: 2025/1/28 03:45:48
28. 号码: 26
   购买者: 0xAfDFB7b3Ab358EE0a5E404FF24E58aFc9CB8Bd5a
   购买时间: 2025/1/28 03:45:48
29. 号码: 27
   购买者: 0xCf7374A0404d6C15951BCf148b6A753d75bd688E
   购买时间: 2025/1/28 03:45:48
30. 号码: 28
   购买者: 0x3A46E190D44B2304768F4951eD1b8651fD4c7c73
   购买时间: 2025/1/28 03:45:50
开奖状态: 未开奖
[2025-01-27T19:45:51.451Z] [STATUS] 当前彩票状态:
总票数: 30
彩票列表:
1. 号码: 5
   购买者: 0xb557cA258f4a20C3918F89e9a040c38Ba7F2e5c7
   购买时间: 2025/1/28 03:08:30
2. 号码: 45
   购买者: 0x3785eEa65F0a15cC1E5398B729f580b16Ccc4309
   购买时间: 2025/1/28 03:17:30
3. 号码: 1
   购买者: 0x80A2890757757F2B11cbA7758dCf0A4895E6ce17
   购买时间: 2025/1/28 03:45:24
4. 号码: 2
   购买者: 0x653A333ea097039A04A26d762C6898E505e2e2b2
   购买时间: 2025/1/28 03:45:26
5. 号码: 3
   购买者: 0x2287259AeAD936813D2268e6Ad76e1758e22bd3e
   购买时间: 2025/1/28 03:45:26
6. 号码: 4
   购买者: 0xDB9Ca9E7b648F474951173Ec1F72239b004dfEC5
   购买时间: 2025/1/28 03:45:26
7. 号码: 5
   购买者: 0x6e9Cc86C8fc994135e4c423C87002a2a8Ac94dAf
   购买时间: 2025/1/28 03:45:26
8. 号码: 6
   购买者: 0x069F920D216989e71daF6E8D5C07beDaF16CB701
   购买时间: 2025/1/28 03:45:28
9. 号码: 7
   购买者: 0x0491f4D4FFD169F61052715e13782f3914abf369
   购买时间: 2025/1/28 03:45:30
10. 号码: 8
   购买者: 0x5a25B95bd636738cA6F77ab6ec2832F17D4b2248
   购买时间: 2025/1/28 03:45:30
11. 号码: 9
   购买者: 0x30BbA918d674176028b43bf1EF053ab4118C295d
   购买时间: 2025/1/28 03:45:32
12. 号码: 11
   购买者: 0xB021fbE1E51A987DCeDb60fF3234f081D018e7FC
   购买时间: 2025/1/28 03:45:32
13. 号码: 10
   购买者: 0x09C2d83E706c23882ef9F4B74584148C46C7D591
   购买时间: 2025/1/28 03:45:34
14. 号码: 13
   购买者: 0xdaBbAa4614EC2bf0784f2e5528081Eb01246C4E2
   购买时间: 2025/1/28 03:45:34
15. 号码: 12
   购买者: 0xc01C77da1030368B1DD1B482009eb3587E968ABf
   购买时间: 2025/1/28 03:45:36
16. 号码: 14
   购买者: 0x124BE443861464fa6698c4cAE51EA6795695DE66
   购买时间: 2025/1/28 03:45:36
17. 号码: 15
   购买者: 0xFc27A0EA68741a5155F39d4f2161f753405972ec
   购买时间: 2025/1/28 03:45:36
18. 号码: 16
   购买者: 0x771036c40335E1601A9A8d69dBB987678282999f
   购买时间: 2025/1/28 03:45:38
19. 号码: 17
   购买者: 0x6e9Cc265165EA293cE2f75D503Aaa9EacD151c07
   购买时间: 2025/1/28 03:45:40
20. 号码: 18
   购买者: 0x2FE9bAD014d53071C3B06AD112Ab7f17a2ceaa1D
   购买时间: 2025/1/28 03:45:40
21. 号码: 19
   购买者: 0xf491Ce3e70285EC953388Dc53C979aCc45143b2e
   购买时间: 2025/1/28 03:45:42
22. 号码: 20
   购买者: 0xE9e324A7f29DAaA845BC4dd7AC93f675B5693bC6
   购买时间: 2025/1/28 03:45:42
23. 号码: 21
   购买者: 0x958587195917EbF0098Ff401Ee836710C6cFA466
   购买时间: 2025/1/28 03:45:44
24. 号码: 22
   购买者: 0x06E0e662D5283BF85f3b81eB90502a8e61117d22
   购买时间: 2025/1/28 03:45:44
25. 号码: 23
   购买者: 0xe7C82Bcf44aa8fB41C74Ca1b8420683EB7f8f3F1
   购买时间: 2025/1/28 03:45:46
26. 号码: 24
   购买者: 0xA2Cf46029e49DC00bE45A301C036F9753Cd7A304
   购买时间: 2025/1/28 03:45:46
27. 号码: 25
   购买者: 0x8Ad3Fa8217cc4aa1C5FA0DC69472696263991636
   购买时间: 2025/1/28 03:45:48
28. 号码: 26
   购买者: 0xAfDFB7b3Ab358EE0a5E404FF24E58aFc9CB8Bd5a
   购买时间: 2025/1/28 03:45:48
29. 号码: 27
   购买者: 0xCf7374A0404d6C15951BCf148b6A753d75bd688E
   购买时间: 2025/1/28 03:45:48
30. 号码: 28
   购买者: 0x3A46E190D44B2304768F4951eD1b8651fD4c7c73
   购买时间: 2025/1/28 03:45:50
开奖状态: 未开奖
[2025-01-27T19:45:51.595Z] [TICKET] 
🎫 新彩票购买:
时间: 2025/1/28 03:45:48
购买者: 0x8Ad3Fa8217cc4aa1C5FA0DC69472696263991636
彩票号码: 25
交易哈希: 0x4397042897d6cbc6bcca9407cef7e09a481d40b786037e3ac7fd7aa9110343a4
[2025-01-27T19:45:51.596Z] [TICKET] 
🎫 新彩票购买:
时间: 2025/1/28 03:45:48
购买者: 0xAfDFB7b3Ab358EE0a5E404FF24E58aFc9CB8Bd5a
彩票号码: 26
交易哈希: 0x108519b9601057c2213497083b667ddb12ec2aae6ea6ca75e3d47ff16db5cc65
[2025-01-27T19:45:51.596Z] [TICKET] 
🎫 新彩票购买:
时间: 2025/1/28 03:45:48
购买者: 0xCf7374A0404d6C15951BCf148b6A753d75bd688E
彩票号码: 27
交易哈希: 0x223c40008118a24311b3fe9831c1133f464775506f906c4d9f9378e3a1ffedfb
[2025-01-27T19:45:51.597Z] [TICKET] 
🎫 新彩票购买:
时间: 2025/1/28 03:45:50
购买者: 0x3A46E190D44B2304768F4951eD1b8651fD4c7c73
彩票号码: 28
交易哈希: 0xdf34eedfcdfe33121f36a8b3108652e2cf99388e6b688cb9daae0b376cde1a17
[2025-01-27T19:45:52.029Z] [SUCCESS] 
交易详情 - 彩票购买:
交易哈希: 0x108519b9601057c2213497083b667ddb12ec2aae6ea6ca75e3d47ff16db5cc65
发送方: 0xAfDFB7b3Ab358EE0a5E404FF24E58aFc9CB8Bd5a
接收方: 0x5eb1e04D71D5ACD30e946029339E7CE554024Cf4
状态: 成功
Gas使用: 118590
区块号: 7153173
[2025-01-27T19:45:52.032Z] [SUCCESS] 
交易详情 - 彩票购买:
交易哈希: 0x4397042897d6cbc6bcca9407cef7e09a481d40b786037e3ac7fd7aa9110343a4
发送方: 0x8Ad3Fa8217cc4aa1C5FA0DC69472696263991636
接收方: 0x5eb1e04D71D5ACD30e946029339E7CE554024Cf4
状态: 成功
Gas使用: 118590
区块号: 7153173
[2025-01-27T19:45:52.035Z] [SUCCESS] 
交易详情 - 彩票购买:
交易哈希: 0x223c40008118a24311b3fe9831c1133f464775506f906c4d9f9378e3a1ffedfb
发送方: 0xCf7374A0404d6C15951BCf148b6A753d75bd688E
接收方: 0x5eb1e04D71D5ACD30e946029339E7CE554024Cf4
状态: 成功
Gas使用: 118590
区块号: 7153173
[2025-01-27T19:45:52.036Z] [SUCCESS] 
交易详情 - 彩票购买:
交易哈希: 0xdf34eedfcdfe33121f36a8b3108652e2cf99388e6b688cb9daae0b376cde1a17
发送方: 0x3A46E190D44B2304768F4951eD1b8651fD4c7c73
接收方: 0x5eb1e04D71D5ACD30e946029339E7CE554024Cf4
状态: 成功
Gas使用: 118590
区块号: 7153174
[2025-01-27T19:45:55.362Z] [STATUS] 当前彩票状态:
总票数: 31
彩票列表:
1. 号码: 5
   购买者: 0xb557cA258f4a20C3918F89e9a040c38Ba7F2e5c7
   购买时间: 2025/1/28 03:08:30
2. 号码: 45
   购买者: 0x3785eEa65F0a15cC1E5398B729f580b16Ccc4309
   购买时间: 2025/1/28 03:17:30
3. 号码: 1
   购买者: 0x80A2890757757F2B11cbA7758dCf0A4895E6ce17
   购买时间: 2025/1/28 03:45:24
4. 号码: 2
   购买者: 0x653A333ea097039A04A26d762C6898E505e2e2b2
   购买时间: 2025/1/28 03:45:26
5. 号码: 3
   购买者: 0x2287259AeAD936813D2268e6Ad76e1758e22bd3e
   购买时间: 2025/1/28 03:45:26
6. 号码: 4
   购买者: 0xDB9Ca9E7b648F474951173Ec1F72239b004dfEC5
   购买时间: 2025/1/28 03:45:26
7. 号码: 5
   购买者: 0x6e9Cc86C8fc994135e4c423C87002a2a8Ac94dAf
   购买时间: 2025/1/28 03:45:26
8. 号码: 6
   购买者: 0x069F920D216989e71daF6E8D5C07beDaF16CB701
   购买时间: 2025/1/28 03:45:28
9. 号码: 7
   购买者: 0x0491f4D4FFD169F61052715e13782f3914abf369
   购买时间: 2025/1/28 03:45:30
10. 号码: 8
   购买者: 0x5a25B95bd636738cA6F77ab6ec2832F17D4b2248
   购买时间: 2025/1/28 03:45:30
11. 号码: 9
   购买者: 0x30BbA918d674176028b43bf1EF053ab4118C295d
   购买时间: 2025/1/28 03:45:32
12. 号码: 11
   购买者: 0xB021fbE1E51A987DCeDb60fF3234f081D018e7FC
   购买时间: 2025/1/28 03:45:32
13. 号码: 10
   购买者: 0x09C2d83E706c23882ef9F4B74584148C46C7D591
   购买时间: 2025/1/28 03:45:34
14. 号码: 13
   购买者: 0xdaBbAa4614EC2bf0784f2e5528081Eb01246C4E2
   购买时间: 2025/1/28 03:45:34
15. 号码: 12
   购买者: 0xc01C77da1030368B1DD1B482009eb3587E968ABf
   购买时间: 2025/1/28 03:45:36
16. 号码: 14
   购买者: 0x124BE443861464fa6698c4cAE51EA6795695DE66
   购买时间: 2025/1/28 03:45:36
17. 号码: 15
   购买者: 0xFc27A0EA68741a5155F39d4f2161f753405972ec
   购买时间: 2025/1/28 03:45:36
18. 号码: 16
   购买者: 0x771036c40335E1601A9A8d69dBB987678282999f
   购买时间: 2025/1/28 03:45:38
19. 号码: 17
   购买者: 0x6e9Cc265165EA293cE2f75D503Aaa9EacD151c07
   购买时间: 2025/1/28 03:45:40
20. 号码: 18
   购买者: 0x2FE9bAD014d53071C3B06AD112Ab7f17a2ceaa1D
   购买时间: 2025/1/28 03:45:40
21. 号码: 19
   购买者: 0xf491Ce3e70285EC953388Dc53C979aCc45143b2e
   购买时间: 2025/1/28 03:45:42
22. 号码: 20
   购买者: 0xE9e324A7f29DAaA845BC4dd7AC93f675B5693bC6
   购买时间: 2025/1/28 03:45:42
23. 号码: 21
   购买者: 0x958587195917EbF0098Ff401Ee836710C6cFA466
   购买时间: 2025/1/28 03:45:44
24. 号码: 22
   购买者: 0x06E0e662D5283BF85f3b81eB90502a8e61117d22
   购买时间: 2025/1/28 03:45:44
25. 号码: 23
   购买者: 0xe7C82Bcf44aa8fB41C74Ca1b8420683EB7f8f3F1
   购买时间: 2025/1/28 03:45:46
26. 号码: 24
   购买者: 0xA2Cf46029e49DC00bE45A301C036F9753Cd7A304
   购买时间: 2025/1/28 03:45:46
27. 号码: 25
   购买者: 0x8Ad3Fa8217cc4aa1C5FA0DC69472696263991636
   购买时间: 2025/1/28 03:45:48
28. 号码: 26
   购买者: 0xAfDFB7b3Ab358EE0a5E404FF24E58aFc9CB8Bd5a
   购买时间: 2025/1/28 03:45:48
29. 号码: 27
   购买者: 0xCf7374A0404d6C15951BCf148b6A753d75bd688E
   购买时间: 2025/1/28 03:45:48
30. 号码: 28
   购买者: 0x3A46E190D44B2304768F4951eD1b8651fD4c7c73
   购买时间: 2025/1/28 03:45:50
31. 号码: 29
   购买者: 0x535c1006b6F0187DD6063bfad05F1656344EE240
   购买时间: 2025/1/28 03:45:52
开奖状态: 未开奖
[2025-01-27T19:45:55.365Z] [STATUS] 当前彩票状态:
总票数: 31
彩票列表:
1. 号码: 5
   购买者: 0xb557cA258f4a20C3918F89e9a040c38Ba7F2e5c7
   购买时间: 2025/1/28 03:08:30
2. 号码: 45
   购买者: 0x3785eEa65F0a15cC1E5398B729f580b16Ccc4309
   购买时间: 2025/1/28 03:17:30
3. 号码: 1
   购买者: 0x80A2890757757F2B11cbA7758dCf0A4895E6ce17
   购买时间: 2025/1/28 03:45:24
4. 号码: 2
   购买者: 0x653A333ea097039A04A26d762C6898E505e2e2b2
   购买时间: 2025/1/28 03:45:26
5. 号码: 3
   购买者: 0x2287259AeAD936813D2268e6Ad76e1758e22bd3e
   购买时间: 2025/1/28 03:45:26
6. 号码: 4
   购买者: 0xDB9Ca9E7b648F474951173Ec1F72239b004dfEC5
   购买时间: 2025/1/28 03:45:26
7. 号码: 5
   购买者: 0x6e9Cc86C8fc994135e4c423C87002a2a8Ac94dAf
   购买时间: 2025/1/28 03:45:26
8. 号码: 6
   购买者: 0x069F920D216989e71daF6E8D5C07beDaF16CB701
   购买时间: 2025/1/28 03:45:28
9. 号码: 7
   购买者: 0x0491f4D4FFD169F61052715e13782f3914abf369
   购买时间: 2025/1/28 03:45:30
10. 号码: 8
   购买者: 0x5a25B95bd636738cA6F77ab6ec2832F17D4b2248
   购买时间: 2025/1/28 03:45:30
11. 号码: 9
   购买者: 0x30BbA918d674176028b43bf1EF053ab4118C295d
   购买时间: 2025/1/28 03:45:32
12. 号码: 11
   购买者: 0xB021fbE1E51A987DCeDb60fF3234f081D018e7FC
   购买时间: 2025/1/28 03:45:32
13. 号码: 10
   购买者: 0x09C2d83E706c23882ef9F4B74584148C46C7D591
   购买时间: 2025/1/28 03:45:34
14. 号码: 13
   购买者: 0xdaBbAa4614EC2bf0784f2e5528081Eb01246C4E2
   购买时间: 2025/1/28 03:45:34
15. 号码: 12
   购买者: 0xc01C77da1030368B1DD1B482009eb3587E968ABf
   购买时间: 2025/1/28 03:45:36
16. 号码: 14
   购买者: 0x124BE443861464fa6698c4cAE51EA6795695DE66
   购买时间: 2025/1/28 03:45:36
17. 号码: 15
   购买者: 0xFc27A0EA68741a5155F39d4f2161f753405972ec
   购买时间: 2025/1/28 03:45:36
18. 号码: 16
   购买者: 0x771036c40335E1601A9A8d69dBB987678282999f
   购买时间: 2025/1/28 03:45:38
19. 号码: 17
   购买者: 0x6e9Cc265165EA293cE2f75D503Aaa9EacD151c07
   购买时间: 2025/1/28 03:45:40
20. 号码: 18
   购买者: 0x2FE9bAD014d53071C3B06AD112Ab7f17a2ceaa1D
   购买时间: 2025/1/28 03:45:40
21. 号码: 19
   购买者: 0xf491Ce3e70285EC953388Dc53C979aCc45143b2e
   购买时间: 2025/1/28 03:45:42
22. 号码: 20
   购买者: 0xE9e324A7f29DAaA845BC4dd7AC93f675B5693bC6
   购买时间: 2025/1/28 03:45:42
23. 号码: 21
   购买者: 0x958587195917EbF0098Ff401Ee836710C6cFA466
   购买时间: 2025/1/28 03:45:44
24. 号码: 22
   购买者: 0x06E0e662D5283BF85f3b81eB90502a8e61117d22
   购买时间: 2025/1/28 03:45:44
25. 号码: 23
   购买者: 0xe7C82Bcf44aa8fB41C74Ca1b8420683EB7f8f3F1
   购买时间: 2025/1/28 03:45:46
26. 号码: 24
   购买者: 0xA2Cf46029e49DC00bE45A301C036F9753Cd7A304
   购买时间: 2025/1/28 03:45:46
27. 号码: 25
   购买者: 0x8Ad3Fa8217cc4aa1C5FA0DC69472696263991636
   购买时间: 2025/1/28 03:45:48
28. 号码: 26
   购买者: 0xAfDFB7b3Ab358EE0a5E404FF24E58aFc9CB8Bd5a
   购买时间: 2025/1/28 03:45:48
29. 号码: 27
   购买者: 0xCf7374A0404d6C15951BCf148b6A753d75bd688E
   购买时间: 2025/1/28 03:45:48
30. 号码: 28
   购买者: 0x3A46E190D44B2304768F4951eD1b8651fD4c7c73
   购买时间: 2025/1/28 03:45:50
31. 号码: 29
   购买者: 0x535c1006b6F0187DD6063bfad05F1656344EE240
   购买时间: 2025/1/28 03:45:52
开奖状态: 未开奖
[2025-01-27T19:45:55.378Z] [STATUS] 当前彩票状态:
总票数: 31
彩票列表:
1. 号码: 5
   购买者: 0xb557cA258f4a20C3918F89e9a040c38Ba7F2e5c7
   购买时间: 2025/1/28 03:08:30
2. 号码: 45
   购买者: 0x3785eEa65F0a15cC1E5398B729f580b16Ccc4309
   购买时间: 2025/1/28 03:17:30
3. 号码: 1
   购买者: 0x80A2890757757F2B11cbA7758dCf0A4895E6ce17
   购买时间: 2025/1/28 03:45:24
4. 号码: 2
   购买者: 0x653A333ea097039A04A26d762C6898E505e2e2b2
   购买时间: 2025/1/28 03:45:26
5. 号码: 3
   购买者: 0x2287259AeAD936813D2268e6Ad76e1758e22bd3e
   购买时间: 2025/1/28 03:45:26
6. 号码: 4
   购买者: 0xDB9Ca9E7b648F474951173Ec1F72239b004dfEC5
   购买时间: 2025/1/28 03:45:26
7. 号码: 5
   购买者: 0x6e9Cc86C8fc994135e4c423C87002a2a8Ac94dAf
   购买时间: 2025/1/28 03:45:26
8. 号码: 6
   购买者: 0x069F920D216989e71daF6E8D5C07beDaF16CB701
   购买时间: 2025/1/28 03:45:28
9. 号码: 7
   购买者: 0x0491f4D4FFD169F61052715e13782f3914abf369
   购买时间: 2025/1/28 03:45:30
10. 号码: 8
   购买者: 0x5a25B95bd636738cA6F77ab6ec2832F17D4b2248
   购买时间: 2025/1/28 03:45:30
11. 号码: 9
   购买者: 0x30BbA918d674176028b43bf1EF053ab4118C295d
   购买时间: 2025/1/28 03:45:32
12. 号码: 11
   购买者: 0xB021fbE1E51A987DCeDb60fF3234f081D018e7FC
   购买时间: 2025/1/28 03:45:32
13. 号码: 10
   购买者: 0x09C2d83E706c23882ef9F4B74584148C46C7D591
   购买时间: 2025/1/28 03:45:34
14. 号码: 13
   购买者: 0xdaBbAa4614EC2bf0784f2e5528081Eb01246C4E2
   购买时间: 2025/1/28 03:45:34
15. 号码: 12
   购买者: 0xc01C77da1030368B1DD1B482009eb3587E968ABf
   购买时间: 2025/1/28 03:45:36
16. 号码: 14
   购买者: 0x124BE443861464fa6698c4cAE51EA6795695DE66
   购买时间: 2025/1/28 03:45:36
17. 号码: 15
   购买者: 0xFc27A0EA68741a5155F39d4f2161f753405972ec
   购买时间: 2025/1/28 03:45:36
18. 号码: 16
   购买者: 0x771036c40335E1601A9A8d69dBB987678282999f
   购买时间: 2025/1/28 03:45:38
19. 号码: 17
   购买者: 0x6e9Cc265165EA293cE2f75D503Aaa9EacD151c07
   购买时间: 2025/1/28 03:45:40
20. 号码: 18
   购买者: 0x2FE9bAD014d53071C3B06AD112Ab7f17a2ceaa1D
   购买时间: 2025/1/28 03:45:40
21. 号码: 19
   购买者: 0xf491Ce3e70285EC953388Dc53C979aCc45143b2e
   购买时间: 2025/1/28 03:45:42
22. 号码: 20
   购买者: 0xE9e324A7f29DAaA845BC4dd7AC93f675B5693bC6
   购买时间: 2025/1/28 03:45:42
23. 号码: 21
   购买者: 0x958587195917EbF0098Ff401Ee836710C6cFA466
   购买时间: 2025/1/28 03:45:44
24. 号码: 22
   购买者: 0x06E0e662D5283BF85f3b81eB90502a8e61117d22
   购买时间: 2025/1/28 03:45:44
25. 号码: 23
   购买者: 0xe7C82Bcf44aa8fB41C74Ca1b8420683EB7f8f3F1
   购买时间: 2025/1/28 03:45:46
26. 号码: 24
   购买者: 0xA2Cf46029e49DC00bE45A301C036F9753Cd7A304
   购买时间: 2025/1/28 03:45:46
27. 号码: 25
   购买者: 0x8Ad3Fa8217cc4aa1C5FA0DC69472696263991636
   购买时间: 2025/1/28 03:45:48
28. 号码: 26
   购买者: 0xAfDFB7b3Ab358EE0a5E404FF24E58aFc9CB8Bd5a
   购买时间: 2025/1/28 03:45:48
29. 号码: 27
   购买者: 0xCf7374A0404d6C15951BCf148b6A753d75bd688E
   购买时间: 2025/1/28 03:45:48
30. 号码: 28
   购买者: 0x3A46E190D44B2304768F4951eD1b8651fD4c7c73
   购买时间: 2025/1/28 03:45:50
31. 号码: 29
   购买者: 0x535c1006b6F0187DD6063bfad05F1656344EE240
   购买时间: 2025/1/28 03:45:52
开奖状态: 未开奖
[2025-01-27T19:45:55.379Z] [STATUS] 当前彩票状态:
总票数: 31
彩票列表:
1. 号码: 5
   购买者: 0xb557cA258f4a20C3918F89e9a040c38Ba7F2e5c7
   购买时间: 2025/1/28 03:08:30
2. 号码: 45
   购买者: 0x3785eEa65F0a15cC1E5398B729f580b16Ccc4309
   购买时间: 2025/1/28 03:17:30
3. 号码: 1
   购买者: 0x80A2890757757F2B11cbA7758dCf0A4895E6ce17
   购买时间: 2025/1/28 03:45:24
4. 号码: 2
   购买者: 0x653A333ea097039A04A26d762C6898E505e2e2b2
   购买时间: 2025/1/28 03:45:26
5. 号码: 3
   购买者: 0x2287259AeAD936813D2268e6Ad76e1758e22bd3e
   购买时间: 2025/1/28 03:45:26
6. 号码: 4
   购买者: 0xDB9Ca9E7b648F474951173Ec1F72239b004dfEC5
   购买时间: 2025/1/28 03:45:26
7. 号码: 5
   购买者: 0x6e9Cc86C8fc994135e4c423C87002a2a8Ac94dAf
   购买时间: 2025/1/28 03:45:26
8. 号码: 6
   购买者: 0x069F920D216989e71daF6E8D5C07beDaF16CB701
   购买时间: 2025/1/28 03:45:28
9. 号码: 7
   购买者: 0x0491f4D4FFD169F61052715e13782f3914abf369
   购买时间: 2025/1/28 03:45:30
10. 号码: 8
   购买者: 0x5a25B95bd636738cA6F77ab6ec2832F17D4b2248
   购买时间: 2025/1/28 03:45:30
11. 号码: 9
   购买者: 0x30BbA918d674176028b43bf1EF053ab4118C295d
   购买时间: 2025/1/28 03:45:32
12. 号码: 11
   购买者: 0xB021fbE1E51A987DCeDb60fF3234f081D018e7FC
   购买时间: 2025/1/28 03:45:32
13. 号码: 10
   购买者: 0x09C2d83E706c23882ef9F4B74584148C46C7D591
   购买时间: 2025/1/28 03:45:34
14. 号码: 13
   购买者: 0xdaBbAa4614EC2bf0784f2e5528081Eb01246C4E2
   购买时间: 2025/1/28 03:45:34
15. 号码: 12
   购买者: 0xc01C77da1030368B1DD1B482009eb3587E968ABf
   购买时间: 2025/1/28 03:45:36
16. 号码: 14
   购买者: 0x124BE443861464fa6698c4cAE51EA6795695DE66
   购买时间: 2025/1/28 03:45:36
17. 号码: 15
   购买者: 0xFc27A0EA68741a5155F39d4f2161f753405972ec
   购买时间: 2025/1/28 03:45:36
18. 号码: 16
   购买者: 0x771036c40335E1601A9A8d69dBB987678282999f
   购买时间: 2025/1/28 03:45:38
19. 号码: 17
   购买者: 0x6e9Cc265165EA293cE2f75D503Aaa9EacD151c07
   购买时间: 2025/1/28 03:45:40
20. 号码: 18
   购买者: 0x2FE9bAD014d53071C3B06AD112Ab7f17a2ceaa1D
   购买时间: 2025/1/28 03:45:40
21. 号码: 19
   购买者: 0xf491Ce3e70285EC953388Dc53C979aCc45143b2e
   购买时间: 2025/1/28 03:45:42
22. 号码: 20
   购买者: 0xE9e324A7f29DAaA845BC4dd7AC93f675B5693bC6
   购买时间: 2025/1/28 03:45:42
23. 号码: 21
   购买者: 0x958587195917EbF0098Ff401Ee836710C6cFA466
   购买时间: 2025/1/28 03:45:44
24. 号码: 22
   购买者: 0x06E0e662D5283BF85f3b81eB90502a8e61117d22
   购买时间: 2025/1/28 03:45:44
25. 号码: 23
   购买者: 0xe7C82Bcf44aa8fB41C74Ca1b8420683EB7f8f3F1
   购买时间: 2025/1/28 03:45:46
26. 号码: 24
   购买者: 0xA2Cf46029e49DC00bE45A301C036F9753Cd7A304
   购买时间: 2025/1/28 03:45:46
27. 号码: 25
   购买者: 0x8Ad3Fa8217cc4aa1C5FA0DC69472696263991636
   购买时间: 2025/1/28 03:45:48
28. 号码: 26
   购买者: 0xAfDFB7b3Ab358EE0a5E404FF24E58aFc9CB8Bd5a
   购买时间: 2025/1/28 03:45:48
29. 号码: 27
   购买者: 0xCf7374A0404d6C15951BCf148b6A753d75bd688E
   购买时间: 2025/1/28 03:45:48
30. 号码: 28
   购买者: 0x3A46E190D44B2304768F4951eD1b8651fD4c7c73
   购买时间: 2025/1/28 03:45:50
31. 号码: 29
   购买者: 0x535c1006b6F0187DD6063bfad05F1656344EE240
   购买时间: 2025/1/28 03:45:52
开奖状态: 未开奖
[2025-01-27T19:45:55.601Z] [TICKET] 
🎫 新彩票购买:
时间: 2025/1/28 03:45:52
购买者: 0x535c1006b6F0187DD6063bfad05F1656344EE240
彩票号码: 29
交易哈希: 0x95fbd4f654dddb9504dfbb50d5b1ce08d326b8c73c07e806cece10a0675fdc2c
[2025-01-27T19:45:56.044Z] [SUCCESS] 
交易详情 - 彩票购买:
交易哈希: 0x95fbd4f654dddb9504dfbb50d5b1ce08d326b8c73c07e806cece10a0675fdc2c
发送方: 0x535c1006b6F0187DD6063bfad05F1656344EE240
接收方: 0x5eb1e04D71D5ACD30e946029339E7CE554024Cf4
状态: 成功
Gas使用: 118590
区块号: 7153175
[2025-01-27T19:45:59.350Z] [STATUS] 当前彩票状态:
总票数: 31
彩票列表:
1. 号码: 5
   购买者: 0xb557cA258f4a20C3918F89e9a040c38Ba7F2e5c7
   购买时间: 2025/1/28 03:08:30
2. 号码: 45
   购买者: 0x3785eEa65F0a15cC1E5398B729f580b16Ccc4309
   购买时间: 2025/1/28 03:17:30
3. 号码: 1
   购买者: 0x80A2890757757F2B11cbA7758dCf0A4895E6ce17
   购买时间: 2025/1/28 03:45:24
4. 号码: 2
   购买者: 0x653A333ea097039A04A26d762C6898E505e2e2b2
   购买时间: 2025/1/28 03:45:26
5. 号码: 3
   购买者: 0x2287259AeAD936813D2268e6Ad76e1758e22bd3e
   购买时间: 2025/1/28 03:45:26
6. 号码: 4
   购买者: 0xDB9Ca9E7b648F474951173Ec1F72239b004dfEC5
   购买时间: 2025/1/28 03:45:26
7. 号码: 5
   购买者: 0x6e9Cc86C8fc994135e4c423C87002a2a8Ac94dAf
   购买时间: 2025/1/28 03:45:26
8. 号码: 6
   购买者: 0x069F920D216989e71daF6E8D5C07beDaF16CB701
   购买时间: 2025/1/28 03:45:28
9. 号码: 7
   购买者: 0x0491f4D4FFD169F61052715e13782f3914abf369
   购买时间: 2025/1/28 03:45:30
10. 号码: 8
   购买者: 0x5a25B95bd636738cA6F77ab6ec2832F17D4b2248
   购买时间: 2025/1/28 03:45:30
11. 号码: 9
   购买者: 0x30BbA918d674176028b43bf1EF053ab4118C295d
   购买时间: 2025/1/28 03:45:32
12. 号码: 11
   购买者: 0xB021fbE1E51A987DCeDb60fF3234f081D018e7FC
   购买时间: 2025/1/28 03:45:32
13. 号码: 10
   购买者: 0x09C2d83E706c23882ef9F4B74584148C46C7D591
   购买时间: 2025/1/28 03:45:34
14. 号码: 13
   购买者: 0xdaBbAa4614EC2bf0784f2e5528081Eb01246C4E2
   购买时间: 2025/1/28 03:45:34
15. 号码: 12
   购买者: 0xc01C77da1030368B1DD1B482009eb3587E968ABf
   购买时间: 2025/1/28 03:45:36
16. 号码: 14
   购买者: 0x124BE443861464fa6698c4cAE51EA6795695DE66
   购买时间: 2025/1/28 03:45:36
17. 号码: 15
   购买者: 0xFc27A0EA68741a5155F39d4f2161f753405972ec
   购买时间: 2025/1/28 03:45:36
18. 号码: 16
   购买者: 0x771036c40335E1601A9A8d69dBB987678282999f
   购买时间: 2025/1/28 03:45:38
19. 号码: 17
   购买者: 0x6e9Cc265165EA293cE2f75D503Aaa9EacD151c07
   购买时间: 2025/1/28 03:45:40
20. 号码: 18
   购买者: 0x2FE9bAD014d53071C3B06AD112Ab7f17a2ceaa1D
   购买时间: 2025/1/28 03:45:40
21. 号码: 19
   购买者: 0xf491Ce3e70285EC953388Dc53C979aCc45143b2e
   购买时间: 2025/1/28 03:45:42
22. 号码: 20
   购买者: 0xE9e324A7f29DAaA845BC4dd7AC93f675B5693bC6
   购买时间: 2025/1/28 03:45:42
23. 号码: 21
   购买者: 0x958587195917EbF0098Ff401Ee836710C6cFA466
   购买时间: 2025/1/28 03:45:44
24. 号码: 22
   购买者: 0x06E0e662D5283BF85f3b81eB90502a8e61117d22
   购买时间: 2025/1/28 03:45:44
25. 号码: 23
   购买者: 0xe7C82Bcf44aa8fB41C74Ca1b8420683EB7f8f3F1
   购买时间: 2025/1/28 03:45:46
26. 号码: 24
   购买者: 0xA2Cf46029e49DC00bE45A301C036F9753Cd7A304
   购买时间: 2025/1/28 03:45:46
27. 号码: 25
   购买者: 0x8Ad3Fa8217cc4aa1C5FA0DC69472696263991636
   购买时间: 2025/1/28 03:45:48
28. 号码: 26
   购买者: 0xAfDFB7b3Ab358EE0a5E404FF24E58aFc9CB8Bd5a
   购买时间: 2025/1/28 03:45:48
29. 号码: 27
   购买者: 0xCf7374A0404d6C15951BCf148b6A753d75bd688E
   购买时间: 2025/1/28 03:45:48
30. 号码: 28
   购买者: 0x3A46E190D44B2304768F4951eD1b8651fD4c7c73
   购买时间: 2025/1/28 03:45:50
31. 号码: 29
   购买者: 0x535c1006b6F0187DD6063bfad05F1656344EE240
   购买时间: 2025/1/28 03:45:52
开奖状态: 未开奖
[2025-01-27T19:45:59.366Z] [STATUS] 当前彩票状态:
总票数: 31
彩票列表:
1. 号码: 5
   购买者: 0xb557cA258f4a20C3918F89e9a040c38Ba7F2e5c7
   购买时间: 2025/1/28 03:08:30
2. 号码: 45
   购买者: 0x3785eEa65F0a15cC1E5398B729f580b16Ccc4309
   购买时间: 2025/1/28 03:17:30
3. 号码: 1
   购买者: 0x80A2890757757F2B11cbA7758dCf0A4895E6ce17
   购买时间: 2025/1/28 03:45:24
4. 号码: 2
   购买者: 0x653A333ea097039A04A26d762C6898E505e2e2b2
   购买时间: 2025/1/28 03:45:26
5. 号码: 3
   购买者: 0x2287259AeAD936813D2268e6Ad76e1758e22bd3e
   购买时间: 2025/1/28 03:45:26
6. 号码: 4
   购买者: 0xDB9Ca9E7b648F474951173Ec1F72239b004dfEC5
   购买时间: 2025/1/28 03:45:26
7. 号码: 5
   购买者: 0x6e9Cc86C8fc994135e4c423C87002a2a8Ac94dAf
   购买时间: 2025/1/28 03:45:26
8. 号码: 6
   购买者: 0x069F920D216989e71daF6E8D5C07beDaF16CB701
   购买时间: 2025/1/28 03:45:28
9. 号码: 7
   购买者: 0x0491f4D4FFD169F61052715e13782f3914abf369
   购买时间: 2025/1/28 03:45:30
10. 号码: 8
   购买者: 0x5a25B95bd636738cA6F77ab6ec2832F17D4b2248
   购买时间: 2025/1/28 03:45:30
11. 号码: 9
   购买者: 0x30BbA918d674176028b43bf1EF053ab4118C295d
   购买时间: 2025/1/28 03:45:32
12. 号码: 11
   购买者: 0xB021fbE1E51A987DCeDb60fF3234f081D018e7FC
   购买时间: 2025/1/28 03:45:32
13. 号码: 10
   购买者: 0x09C2d83E706c23882ef9F4B74584148C46C7D591
   购买时间: 2025/1/28 03:45:34
14. 号码: 13
   购买者: 0xdaBbAa4614EC2bf0784f2e5528081Eb01246C4E2
   购买时间: 2025/1/28 03:45:34
15. 号码: 12
   购买者: 0xc01C77da1030368B1DD1B482009eb3587E968ABf
   购买时间: 2025/1/28 03:45:36
16. 号码: 14
   购买者: 0x124BE443861464fa6698c4cAE51EA6795695DE66
   购买时间: 2025/1/28 03:45:36
17. 号码: 15
   购买者: 0xFc27A0EA68741a5155F39d4f2161f753405972ec
   购买时间: 2025/1/28 03:45:36
18. 号码: 16
   购买者: 0x771036c40335E1601A9A8d69dBB987678282999f
   购买时间: 2025/1/28 03:45:38
19. 号码: 17
   购买者: 0x6e9Cc265165EA293cE2f75D503Aaa9EacD151c07
   购买时间: 2025/1/28 03:45:40
20. 号码: 18
   购买者: 0x2FE9bAD014d53071C3B06AD112Ab7f17a2ceaa1D
   购买时间: 2025/1/28 03:45:40
21. 号码: 19
   购买者: 0xf491Ce3e70285EC953388Dc53C979aCc45143b2e
   购买时间: 2025/1/28 03:45:42
22. 号码: 20
   购买者: 0xE9e324A7f29DAaA845BC4dd7AC93f675B5693bC6
   购买时间: 2025/1/28 03:45:42
23. 号码: 21
   购买者: 0x958587195917EbF0098Ff401Ee836710C6cFA466
   购买时间: 2025/1/28 03:45:44
24. 号码: 22
   购买者: 0x06E0e662D5283BF85f3b81eB90502a8e61117d22
   购买时间: 2025/1/28 03:45:44
25. 号码: 23
   购买者: 0xe7C82Bcf44aa8fB41C74Ca1b8420683EB7f8f3F1
   购买时间: 2025/1/28 03:45:46
26. 号码: 24
   购买者: 0xA2Cf46029e49DC00bE45A301C036F9753Cd7A304
   购买时间: 2025/1/28 03:45:46
27. 号码: 25
   购买者: 0x8Ad3Fa8217cc4aa1C5FA0DC69472696263991636
   购买时间: 2025/1/28 03:45:48
28. 号码: 26
   购买者: 0xAfDFB7b3Ab358EE0a5E404FF24E58aFc9CB8Bd5a
   购买时间: 2025/1/28 03:45:48
29. 号码: 27
   购买者: 0xCf7374A0404d6C15951BCf148b6A753d75bd688E
   购买时间: 2025/1/28 03:45:48
30. 号码: 28
   购买者: 0x3A46E190D44B2304768F4951eD1b8651fD4c7c73
   购买时间: 2025/1/28 03:45:50
31. 号码: 29
   购买者: 0x535c1006b6F0187DD6063bfad05F1656344EE240
   购买时间: 2025/1/28 03:45:52
开奖状态: 未开奖
[2025-01-27T19:45:59.367Z] [STATUS] 当前彩票状态:
总票数: 31
彩票列表:
1. 号码: 5
   购买者: 0xb557cA258f4a20C3918F89e9a040c38Ba7F2e5c7
   购买时间: 2025/1/28 03:08:30
2. 号码: 45
   购买者: 0x3785eEa65F0a15cC1E5398B729f580b16Ccc4309
   购买时间: 2025/1/28 03:17:30
3. 号码: 1
   购买者: 0x80A2890757757F2B11cbA7758dCf0A4895E6ce17
   购买时间: 2025/1/28 03:45:24
4. 号码: 2
   购买者: 0x653A333ea097039A04A26d762C6898E505e2e2b2
   购买时间: 2025/1/28 03:45:26
5. 号码: 3
   购买者: 0x2287259AeAD936813D2268e6Ad76e1758e22bd3e
   购买时间: 2025/1/28 03:45:26
6. 号码: 4
   购买者: 0xDB9Ca9E7b648F474951173Ec1F72239b004dfEC5
   购买时间: 2025/1/28 03:45:26
7. 号码: 5
   购买者: 0x6e9Cc86C8fc994135e4c423C87002a2a8Ac94dAf
   购买时间: 2025/1/28 03:45:26
8. 号码: 6
   购买者: 0x069F920D216989e71daF6E8D5C07beDaF16CB701
   购买时间: 2025/1/28 03:45:28
9. 号码: 7
   购买者: 0x0491f4D4FFD169F61052715e13782f3914abf369
   购买时间: 2025/1/28 03:45:30
10. 号码: 8
   购买者: 0x5a25B95bd636738cA6F77ab6ec2832F17D4b2248
   购买时间: 2025/1/28 03:45:30
11. 号码: 9
   购买者: 0x30BbA918d674176028b43bf1EF053ab4118C295d
   购买时间: 2025/1/28 03:45:32
12. 号码: 11
   购买者: 0xB021fbE1E51A987DCeDb60fF3234f081D018e7FC
   购买时间: 2025/1/28 03:45:32
13. 号码: 10
   购买者: 0x09C2d83E706c23882ef9F4B74584148C46C7D591
   购买时间: 2025/1/28 03:45:34
14. 号码: 13
   购买者: 0xdaBbAa4614EC2bf0784f2e5528081Eb01246C4E2
   购买时间: 2025/1/28 03:45:34
15. 号码: 12
   购买者: 0xc01C77da1030368B1DD1B482009eb3587E968ABf
   购买时间: 2025/1/28 03:45:36
16. 号码: 14
   购买者: 0x124BE443861464fa6698c4cAE51EA6795695DE66
   购买时间: 2025/1/28 03:45:36
17. 号码: 15
   购买者: 0xFc27A0EA68741a5155F39d4f2161f753405972ec
   购买时间: 2025/1/28 03:45:36
18. 号码: 16
   购买者: 0x771036c40335E1601A9A8d69dBB987678282999f
   购买时间: 2025/1/28 03:45:38
19. 号码: 17
   购买者: 0x6e9Cc265165EA293cE2f75D503Aaa9EacD151c07
   购买时间: 2025/1/28 03:45:40
20. 号码: 18
   购买者: 0x2FE9bAD014d53071C3B06AD112Ab7f17a2ceaa1D
   购买时间: 2025/1/28 03:45:40
21. 号码: 19
   购买者: 0xf491Ce3e70285EC953388Dc53C979aCc45143b2e
   购买时间: 2025/1/28 03:45:42
22. 号码: 20
   购买者: 0xE9e324A7f29DAaA845BC4dd7AC93f675B5693bC6
   购买时间: 2025/1/28 03:45:42
23. 号码: 21
   购买者: 0x958587195917EbF0098Ff401Ee836710C6cFA466
   购买时间: 2025/1/28 03:45:44
24. 号码: 22
   购买者: 0x06E0e662D5283BF85f3b81eB90502a8e61117d22
   购买时间: 2025/1/28 03:45:44
25. 号码: 23
   购买者: 0xe7C82Bcf44aa8fB41C74Ca1b8420683EB7f8f3F1
   购买时间: 2025/1/28 03:45:46
26. 号码: 24
   购买者: 0xA2Cf46029e49DC00bE45A301C036F9753Cd7A304
   购买时间: 2025/1/28 03:45:46
27. 号码: 25
   购买者: 0x8Ad3Fa8217cc4aa1C5FA0DC69472696263991636
   购买时间: 2025/1/28 03:45:48
28. 号码: 26
   购买者: 0xAfDFB7b3Ab358EE0a5E404FF24E58aFc9CB8Bd5a
   购买时间: 2025/1/28 03:45:48
29. 号码: 27
   购买者: 0xCf7374A0404d6C15951BCf148b6A753d75bd688E
   购买时间: 2025/1/28 03:45:48
30. 号码: 28
   购买者: 0x3A46E190D44B2304768F4951eD1b8651fD4c7c73
   购买时间: 2025/1/28 03:45:50
31. 号码: 29
   购买者: 0x535c1006b6F0187DD6063bfad05F1656344EE240
   购买时间: 2025/1/28 03:45:52
开奖状态: 未开奖
[2025-01-27T19:45:59.587Z] [STATUS] 当前彩票状态:
总票数: 31
彩票列表:
1. 号码: 5
   购买者: 0xb557cA258f4a20C3918F89e9a040c38Ba7F2e5c7
   购买时间: 2025/1/28 03:08:30
2. 号码: 45
   购买者: 0x3785eEa65F0a15cC1E5398B729f580b16Ccc4309
   购买时间: 2025/1/28 03:17:30
3. 号码: 1
   购买者: 0x80A2890757757F2B11cbA7758dCf0A4895E6ce17
   购买时间: 2025/1/28 03:45:24
4. 号码: 2
   购买者: 0x653A333ea097039A04A26d762C6898E505e2e2b2
   购买时间: 2025/1/28 03:45:26
5. 号码: 3
   购买者: 0x2287259AeAD936813D2268e6Ad76e1758e22bd3e
   购买时间: 2025/1/28 03:45:26
6. 号码: 4
   购买者: 0xDB9Ca9E7b648F474951173Ec1F72239b004dfEC5
   购买时间: 2025/1/28 03:45:26
7. 号码: 5
   购买者: 0x6e9Cc86C8fc994135e4c423C87002a2a8Ac94dAf
   购买时间: 2025/1/28 03:45:26
8. 号码: 6
   购买者: 0x069F920D216989e71daF6E8D5C07beDaF16CB701
   购买时间: 2025/1/28 03:45:28
9. 号码: 7
   购买者: 0x0491f4D4FFD169F61052715e13782f3914abf369
   购买时间: 2025/1/28 03:45:30
10. 号码: 8
   购买者: 0x5a25B95bd636738cA6F77ab6ec2832F17D4b2248
   购买时间: 2025/1/28 03:45:30
11. 号码: 9
   购买者: 0x30BbA918d674176028b43bf1EF053ab4118C295d
   购买时间: 2025/1/28 03:45:32
12. 号码: 11
   购买者: 0xB021fbE1E51A987DCeDb60fF3234f081D018e7FC
   购买时间: 2025/1/28 03:45:32
13. 号码: 10
   购买者: 0x09C2d83E706c23882ef9F4B74584148C46C7D591
   购买时间: 2025/1/28 03:45:34
14. 号码: 13
   购买者: 0xdaBbAa4614EC2bf0784f2e5528081Eb01246C4E2
   购买时间: 2025/1/28 03:45:34
15. 号码: 12
   购买者: 0xc01C77da1030368B1DD1B482009eb3587E968ABf
   购买时间: 2025/1/28 03:45:36
16. 号码: 14
   购买者: 0x124BE443861464fa6698c4cAE51EA6795695DE66
   购买时间: 2025/1/28 03:45:36
17. 号码: 15
   购买者: 0xFc27A0EA68741a5155F39d4f2161f753405972ec
   购买时间: 2025/1/28 03:45:36
18. 号码: 16
   购买者: 0x771036c40335E1601A9A8d69dBB987678282999f
   购买时间: 2025/1/28 03:45:38
19. 号码: 17
   购买者: 0x6e9Cc265165EA293cE2f75D503Aaa9EacD151c07
   购买时间: 2025/1/28 03:45:40
20. 号码: 18
   购买者: 0x2FE9bAD014d53071C3B06AD112Ab7f17a2ceaa1D
   购买时间: 2025/1/28 03:45:40
21. 号码: 19
   购买者: 0xf491Ce3e70285EC953388Dc53C979aCc45143b2e
   购买时间: 2025/1/28 03:45:42
22. 号码: 20
   购买者: 0xE9e324A7f29DAaA845BC4dd7AC93f675B5693bC6
   购买时间: 2025/1/28 03:45:42
23. 号码: 21
   购买者: 0x958587195917EbF0098Ff401Ee836710C6cFA466
   购买时间: 2025/1/28 03:45:44
24. 号码: 22
   购买者: 0x06E0e662D5283BF85f3b81eB90502a8e61117d22
   购买时间: 2025/1/28 03:45:44
25. 号码: 23
   购买者: 0xe7C82Bcf44aa8fB41C74Ca1b8420683EB7f8f3F1
   购买时间: 2025/1/28 03:45:46
26. 号码: 24
   购买者: 0xA2Cf46029e49DC00bE45A301C036F9753Cd7A304
   购买时间: 2025/1/28 03:45:46
27. 号码: 25
   购买者: 0x8Ad3Fa8217cc4aa1C5FA0DC69472696263991636
   购买时间: 2025/1/28 03:45:48
28. 号码: 26
   购买者: 0xAfDFB7b3Ab358EE0a5E404FF24E58aFc9CB8Bd5a
   购买时间: 2025/1/28 03:45:48
29. 号码: 27
   购买者: 0xCf7374A0404d6C15951BCf148b6A753d75bd688E
   购买时间: 2025/1/28 03:45:48
30. 号码: 28
   购买者: 0x3A46E190D44B2304768F4951eD1b8651fD4c7c73
   购买时间: 2025/1/28 03:45:50
31. 号码: 29
   购买者: 0x535c1006b6F0187DD6063bfad05F1656344EE240
   购买时间: 2025/1/28 03:45:52
开奖状态: 未开奖
[2025-01-27T19:46:03.321Z] [STATUS] 当前彩票状态:
总票数: 31
彩票列表:
1. 号码: 5
   购买者: 0xb557cA258f4a20C3918F89e9a040c38Ba7F2e5c7
   购买时间: 2025/1/28 03:08:30
2. 号码: 45
   购买者: 0x3785eEa65F0a15cC1E5398B729f580b16Ccc4309
   购买时间: 2025/1/28 03:17:30
3. 号码: 1
   购买者: 0x80A2890757757F2B11cbA7758dCf0A4895E6ce17
   购买时间: 2025/1/28 03:45:24
4. 号码: 2
   购买者: 0x653A333ea097039A04A26d762C6898E505e2e2b2
   购买时间: 2025/1/28 03:45:26
5. 号码: 3
   购买者: 0x2287259AeAD936813D2268e6Ad76e1758e22bd3e
   购买时间: 2025/1/28 03:45:26
6. 号码: 4
   购买者: 0xDB9Ca9E7b648F474951173Ec1F72239b004dfEC5
   购买时间: 2025/1/28 03:45:26
7. 号码: 5
   购买者: 0x6e9Cc86C8fc994135e4c423C87002a2a8Ac94dAf
   购买时间: 2025/1/28 03:45:26
8. 号码: 6
   购买者: 0x069F920D216989e71daF6E8D5C07beDaF16CB701
   购买时间: 2025/1/28 03:45:28
9. 号码: 7
   购买者: 0x0491f4D4FFD169F61052715e13782f3914abf369
   购买时间: 2025/1/28 03:45:30
10. 号码: 8
   购买者: 0x5a25B95bd636738cA6F77ab6ec2832F17D4b2248
   购买时间: 2025/1/28 03:45:30
11. 号码: 9
   购买者: 0x30BbA918d674176028b43bf1EF053ab4118C295d
   购买时间: 2025/1/28 03:45:32
12. 号码: 11
   购买者: 0xB021fbE1E51A987DCeDb60fF3234f081D018e7FC
   购买时间: 2025/1/28 03:45:32
13. 号码: 10
   购买者: 0x09C2d83E706c23882ef9F4B74584148C46C7D591
   购买时间: 2025/1/28 03:45:34
14. 号码: 13
   购买者: 0xdaBbAa4614EC2bf0784f2e5528081Eb01246C4E2
   购买时间: 2025/1/28 03:45:34
15. 号码: 12
   购买者: 0xc01C77da1030368B1DD1B482009eb3587E968ABf
   购买时间: 2025/1/28 03:45:36
16. 号码: 14
   购买者: 0x124BE443861464fa6698c4cAE51EA6795695DE66
   购买时间: 2025/1/28 03:45:36
17. 号码: 15
   购买者: 0xFc27A0EA68741a5155F39d4f2161f753405972ec
   购买时间: 2025/1/28 03:45:36
18. 号码: 16
   购买者: 0x771036c40335E1601A9A8d69dBB987678282999f
   购买时间: 2025/1/28 03:45:38
19. 号码: 17
   购买者: 0x6e9Cc265165EA293cE2f75D503Aaa9EacD151c07
   购买时间: 2025/1/28 03:45:40
20. 号码: 18
   购买者: 0x2FE9bAD014d53071C3B06AD112Ab7f17a2ceaa1D
   购买时间: 2025/1/28 03:45:40
21. 号码: 19
   购买者: 0xf491Ce3e70285EC953388Dc53C979aCc45143b2e
   购买时间: 2025/1/28 03:45:42
22. 号码: 20
   购买者: 0xE9e324A7f29DAaA845BC4dd7AC93f675B5693bC6
   购买时间: 2025/1/28 03:45:42
23. 号码: 21
   购买者: 0x958587195917EbF0098Ff401Ee836710C6cFA466
   购买时间: 2025/1/28 03:45:44
24. 号码: 22
   购买者: 0x06E0e662D5283BF85f3b81eB90502a8e61117d22
   购买时间: 2025/1/28 03:45:44
25. 号码: 23
   购买者: 0xe7C82Bcf44aa8fB41C74Ca1b8420683EB7f8f3F1
   购买时间: 2025/1/28 03:45:46
26. 号码: 24
   购买者: 0xA2Cf46029e49DC00bE45A301C036F9753Cd7A304
   购买时间: 2025/1/28 03:45:46
27. 号码: 25
   购买者: 0x8Ad3Fa8217cc4aa1C5FA0DC69472696263991636
   购买时间: 2025/1/28 03:45:48
28. 号码: 26
   购买者: 0xAfDFB7b3Ab358EE0a5E404FF24E58aFc9CB8Bd5a
   购买时间: 2025/1/28 03:45:48
29. 号码: 27
   购买者: 0xCf7374A0404d6C15951BCf148b6A753d75bd688E
   购买时间: 2025/1/28 03:45:48
30. 号码: 28
   购买者: 0x3A46E190D44B2304768F4951eD1b8651fD4c7c73
   购买时间: 2025/1/28 03:45:50
31. 号码: 29
   购买者: 0x535c1006b6F0187DD6063bfad05F1656344EE240
   购买时间: 2025/1/28 03:45:52
开奖状态: 未开奖
[2025-01-27T19:50:31.621Z] [DRAW] 
🎯 开奖结果:
时间: 2025/1/28 03:50:30
中奖号码: 6
中奖人数: 1
交易哈希: 0x3a0d3d21e9833b48ec83d0771fda73110a050f9a99d97eee9b694b24ba915047
[2025-01-27T19:50:31.623Z] [PRIZE] 
💰 奖金分配:
时间: 2025/1/28 03:50:30
每人奖金: 10410108.48 TEST
交易哈希: 0x3a0d3d21e9833b48ec83d0771fda73110a050f9a99d97eee9b694b24ba915047
[2025-01-27T19:50:32.056Z] [SUCCESS] 
交易详情 - 开奖:
交易哈希: 0x3a0d3d21e9833b48ec83d0771fda73110a050f9a99d97eee9b694b24ba915047
发送方: 0x21776Ddb794886180132114a527555995f87E10a
接收方: 0x5eb1e04D71D5ACD30e946029339E7CE554024Cf4
状态: 成功
Gas使用: 347851
区块号: 7153314
[2025-01-27T19:50:32.057Z] [SUCCESS] 
交易详情 - 奖金分配:
交易哈希: 0x3a0d3d21e9833b48ec83d0771fda73110a050f9a99d97eee9b694b24ba915047
发送方: 0x21776Ddb794886180132114a527555995f87E10a
接收方: 0x5eb1e04D71D5ACD30e946029339E7CE554024Cf4
状态: 成功
Gas使用: 347851
区块号: 7153314
[2025-01-27T19:50:32.489Z] [STATUS] 当前彩票状态:
总票数: 0
开奖状态: 未开奖
[2025-01-27T19:50:32.490Z] [STATUS] 当前彩票状态:
总票数: 0
开奖状态: 未开奖
